<?xml version="1.0" encoding="UTF-8"?>
<testsuite xmlns:xsi="http://www.w3.org/2001/XMLSchema-instance" xsi:noNamespaceSchemaLocation="https://maven.apache.org/surefire/maven-surefire-plugin/xsd/surefire-test-report.xsd" name="com.cafeto.core.application.handler.CityManagerHandlerTest" time="7.999" tests="1" errors="1" skipped="0" failures="0">
  <properties>
[...]
</properties>
  <testcase name="getAll" classname="com.cafeto.core.application.handler.CityManagerHandlerTest" time="0.005">
    <error message="Failed to load ApplicationContext" type="java.lang.IllegalStateException">java.lang.IllegalStateException: Failed to load ApplicationContext
Caused by: org.springframework.beans.factory.UnsatisfiedDependencyException: Error creating bean with name 'org.springframework.boot.autoconfigure.orm.jpa.HibernateJpaConfiguration': Unsatisfied dependency expressed through constructor parameter 0; nested exception is org.springframework.beans.factory.BeanCreationException: Error creating bean with name 'dataSource' defined in class path resource [org/springframework/boot/autoconfigure/jdbc/DataSourceConfiguration$Hikari.class]: Bean instantiation via factory method failed; nested exception is org.springframework.beans.BeanInstantiationException: Failed to instantiate [com.zaxxer.hikari.HikariDataSource]: Factory method 'dataSource' threw exception; nested exception is org.springframework.boot.autoconfigure.jdbc.DataSourceProperties$DataSourceBeanCreationException: Failed to determine a suitable driver class
Caused by: org.springframework.beans.factory.BeanCreationException: Error creating bean with name 'dataSource' defined in class path resource [org/springframework/boot/autoconfigure/jdbc/DataSourceConfiguration$Hikari.class]: Bean instantiation via factory method failed; nested exception is org.springframework.beans.BeanInstantiationException: Failed to instantiate [com.zaxxer.hikari.HikariDataSource]: Factory method 'dataSource' threw exception; nested exception is org.springframework.boot.autoconfigure.jdbc.DataSourceProperties$DataSourceBeanCreationException: Failed to determine a suitable driver class
Caused by: org.springframework.beans.BeanInstantiationException: Failed to instantiate [com.zaxxer.hikari.HikariDataSource]: Factory method 'dataSource' threw exception; nested exception is org.springframework.boot.autoconfigure.jdbc.DataSourceProperties$DataSourceBeanCreationException: Failed to determine a suitable driver class
Caused by: org.springframework.boot.autoconfigure.jdbc.DataSourceProperties$DataSourceBeanCreationException: Failed to determine a suitable driver class
</error>
    <system-out><![CDATA[14:11:23.248 [main] DEBUG org.springframework.test.context.junit4.SpringJUnit4ClassRunner - SpringJUnit4ClassRunner constructor called with [class com.cafeto.core.application.handler.CityManagerHandlerTest]
14:11:23.258 [main] DEBUG org.springframework.test.context.BootstrapUtils - Instantiating CacheAwareContextLoaderDelegate from class [org.springframework.test.context.cache.DefaultCacheAwareContextLoaderDelegate]
14:11:23.271 [main] DEBUG org.springframework.test.context.BootstrapUtils - Instantiating BootstrapContext using constructor [public org.springframework.test.context.support.DefaultBootstrapContext(java.lang.Class,org.springframework.test.context.CacheAwareContextLoaderDelegate)]
14:11:23.300 [main] DEBUG org.springframework.test.context.BootstrapUtils - Instantiating TestContextBootstrapper for test class [com.cafeto.core.application.handler.CityManagerHandlerTest] from class [org.springframework.boot.test.context.SpringBootTestContextBootstrapper]
14:11:23.325 [main] INFO org.springframework.boot.test.context.SpringBootTestContextBootstrapper - Neither @ContextConfiguration nor @ContextHierarchy found for test class [com.cafeto.core.application.handler.CityManagerHandlerTest], using SpringBootContextLoader
14:11:23.330 [main] DEBUG org.springframework.test.context.support.AbstractContextLoader - Did not detect default resource location for test class [com.cafeto.core.application.handler.CityManagerHandlerTest]: class path resource [com/cafeto/core/application/handler/CityManagerHandlerTest-context.xml] does not exist
14:11:23.331 [main] DEBUG org.springframework.test.context.support.AbstractContextLoader - Did not detect default resource location for test class [com.cafeto.core.application.handler.CityManagerHandlerTest]: class path resource [com/cafeto/core/application/handler/CityManagerHandlerTestContext.groovy] does not exist
14:11:23.331 [main] INFO org.springframework.test.context.support.AbstractContextLoader - Could not detect default resource locations for test class [com.cafeto.core.application.handler.CityManagerHandlerTest]: no resource found for suffixes {-context.xml, Context.groovy}.
14:11:23.416 [main] DEBUG org.springframework.test.context.support.ActiveProfilesUtils - Could not find an 'annotation declaring class' for annotation type [org.springframework.test.context.ActiveProfiles] and class [com.cafeto.core.application.handler.CityManagerHandlerTest]
14:11:23.426 [main] DEBUG org.springframework.core.env.StandardEnvironment - Adding PropertySource 'systemProperties' with lowest search precedence
14:11:23.426 [main] DEBUG org.springframework.core.env.StandardEnvironment - Adding PropertySource 'systemEnvironment' with lowest search precedence
14:11:23.428 [main] DEBUG org.springframework.core.env.StandardEnvironment - Initialized StandardEnvironment with PropertySources [MapPropertySource@726281927 {name='systemProperties', properties={java.runtime.name=Java(TM) SE Runtime Environment, sun.boot.library.path=C:\Program Files\Java\jdk1.8.0_231\jre\bin, java.vm.version=25.231-b11, java.vm.vendor=Oracle Corporation, java.vendor.url=http://java.oracle.com/, path.separator=;, java.vm.name=Java HotSpot(TM) 64-Bit Server VM, file.encoding.pkg=sun.io, user.country=CO, user.script=, sun.java.launcher=SUN_STANDARD, sun.os.patch.level=, java.vm.specification.name=Java Virtual Machine Specification, user.dir=D:\USUARIOS\Dell\Documents\Personal\Cafe\nephrologist-legacy\module\core\application, java.runtime.version=1.8.0_231-b11, basedir=D:\USUARIOS\Dell\Documents\Personal\Cafe\nephrologist-legacy\module\core\application, java.awt.graphicsenv=sun.awt.Win32GraphicsEnvironment, java.endorsed.dirs=C:\Program Files\Java\jdk1.8.0_231\jre\lib\endorsed, os.arch=amd64, surefire.real.class.path=D:\USUARIOS\Dell\AppData\Local\Temp\surefire713894780063046483\surefirebooter5042040409176890142.jar, java.io.tmpdir=D:\USUARIOS\Dell\AppData\Local\Temp\, line.separator=
, java.vm.specification.vendor=Oracle Corporation, user.variant=, os.name=Windows 10, sun.jnu.encoding=Cp1252, java.library.path=C:\Program Files\Java\jdk1.8.0_231\jre\bin;C:\Windows\Sun\Java\bin;C:\Windows\system32;C:\Windows;C:\Program Files\Java\jdk1.8.0_231;C:\Windows\system32;C:\Windows;C:\Windows\System32\Wbem;C:\Windows\System32\WindowsPowerShell\v1.0\;C:\apache-maven-3.6.2-bin\apache-maven-3.6.2-bin-j8\apache-maven-3.6.2\bin;C:\Program Files\TortoiseSVN\bin;C:\openshift-origin-client-tools-v3.11.0-0cbc58b-windows;C:\minishift-1.34.1-windows-amd64;C:\openshift-origin-client-tools-linux-64bit;C:\Program Files\nodejs\;C:\Program Files\Git\cmd;D:\jboss-eap-6.1;C:\Ruby26-x64\bin;D:\USUARIOS\Dell\AppData\Local\Microsoft\WindowsApps;C:\apache-maven-3.6.2-bin\apache-maven-3.6.2\bin;D:\USUARIOS\Dell\AppData\Local\Programs\Microsoft VS Code\bin;D:\USUARIOS\Dell\AppData\Roaming\npm;C:\Program Files\Java\jdk1.8.0_231\bin;;., surefire.test.class.path=D:\USUARIOS\Dell\Documents\Personal\Cafe\nephrologist-legacy\module\core\application\target\test-classes;D:\USUARIOS\Dell\Documents\Personal\Cafe\nephrologist-legacy\module\core\application\target\classes;D:\maven-repo\javax\validation\validation-api\2.0.1.Final\validation-api-2.0.1.Final.jar;D:\maven-repo\org\springframework\boot\spring-boot-starter-actuator\2.0.6.RELEASE\spring-boot-starter-actuator-2.0.6.RELEASE.jar;D:\maven-repo\org\springframework\boot\spring-boot-starter\2.0.6.RELEASE\spring-boot-starter-2.0.6.RELEASE.jar;D:\maven-repo\org\springframework\boot\spring-boot\2.0.6.RELEASE\spring-boot-2.0.6.RELEASE.jar;D:\maven-repo\org\springframework\boot\spring-boot-autoconfigure\2.0.6.RELEASE\spring-boot-autoconfigure-2.0.6.RELEASE.jar;D:\maven-repo\org\springframework\boot\spring-boot-starter-logging\2.0.6.RELEASE\spring-boot-starter-logging-2.0.6.RELEASE.jar;D:\maven-repo\ch\qos\logback\logback-classic\1.2.3\logback-classic-1.2.3.jar;D:\maven-repo\ch\qos\logback\logback-core\1.2.3\logback-core-1.2.3.jar;D:\maven-repo\org\apache\logging\log4j\log4j-to-slf4j\2.10.0\log4j-to-slf4j-2.10.0.jar;D:\maven-repo\org\apache\logging\log4j\log4j-api\2.10.0\log4j-api-2.10.0.jar;D:\maven-repo\org\slf4j\jul-to-slf4j\1.7.25\jul-to-slf4j-1.7.25.jar;D:\maven-repo\javax\annotation\javax.annotation-api\1.3.2\javax.annotation-api-1.3.2.jar;D:\maven-repo\org\yaml\snakeyaml\1.19\snakeyaml-1.19.jar;D:\maven-repo\org\springframework\boot\spring-boot-actuator-autoconfigure\2.0.6.RELEASE\spring-boot-actuator-autoconfigure-2.0.6.RELEASE.jar;D:\maven-repo\org\springframework\boot\spring-boot-actuator\2.0.6.RELEASE\spring-boot-actuator-2.0.6.RELEASE.jar;D:\maven-repo\com\fasterxml\jackson\core\jackson-databind\2.9.7\jackson-databind-2.9.7.jar;D:\maven-repo\com\fasterxml\jackson\core\jackson-annotations\2.9.0\jackson-annotations-2.9.0.jar;D:\maven-repo\com\fasterxml\jackson\core\jackson-core\2.9.7\jackson-core-2.9.7.jar;D:\maven-repo\org\springframework\spring-context\5.0.10.RELEASE\spring-context-5.0.10.RELEASE.jar;D:\maven-repo\com\fasterxml\jackson\datatype\jackson-datatype-jsr310\2.9.7\jackson-datatype-jsr310-2.9.7.jar;D:\maven-repo\io\micrometer\micrometer-core\1.0.7\micrometer-core-1.0.7.jar;D:\maven-repo\org\hdrhistogram\HdrHistogram\2.1.10\HdrHistogram-2.1.10.jar;D:\maven-repo\org\latencyutils\LatencyUtils\2.0.3\LatencyUtils-2.0.3.jar;D:\maven-repo\org\springframework\boot\spring-boot-starter-data-jpa\2.0.6.RELEASE\spring-boot-starter-data-jpa-2.0.6.RELEASE.jar;D:\maven-repo\org\springframework\boot\spring-boot-starter-aop\2.0.6.RELEASE\spring-boot-starter-aop-2.0.6.RELEASE.jar;D:\maven-repo\org\aspectj\aspectjweaver\1.8.13\aspectjweaver-1.8.13.jar;D:\maven-repo\org\springframework\boot\spring-boot-starter-jdbc\2.0.6.RELEASE\spring-boot-starter-jdbc-2.0.6.RELEASE.jar;D:\maven-repo\com\zaxxer\HikariCP\2.7.9\HikariCP-2.7.9.jar;D:\maven-repo\org\springframework\spring-jdbc\5.0.10.RELEASE\spring-jdbc-5.0.10.RELEASE.jar;D:\maven-repo\javax\transaction\javax.transaction-api\1.2\javax.transaction-api-1.2.jar;D:\maven-repo\org\hibernate\hibernate-core\5.2.17.Final\hibernate-core-5.2.17.Final.jar;D:\maven-repo\org\jboss\logging\jboss-logging\3.3.2.Final\jboss-logging-3.3.2.Final.jar;D:\maven-repo\org\hibernate\javax\persistence\hibernate-jpa-2.1-api\1.0.2.Final\hibernate-jpa-2.1-api-1.0.2.Final.jar;D:\maven-repo\org\javassist\javassist\3.22.0-GA\javassist-3.22.0-GA.jar;D:\maven-repo\antlr\antlr\2.7.7\antlr-2.7.7.jar;D:\maven-repo\org\jboss\jandex\2.0.3.Final\jandex-2.0.3.Final.jar;D:\maven-repo\com\fasterxml\classmate\1.3.4\classmate-1.3.4.jar;D:\maven-repo\dom4j\dom4j\1.6.1\dom4j-1.6.1.jar;D:\maven-repo\org\hibernate\common\hibernate-commons-annotations\5.0.1.Final\hibernate-commons-annotations-5.0.1.Final.jar;D:\maven-repo\org\springframework\data\spring-data-jpa\2.0.11.RELEASE\spring-data-jpa-2.0.11.RELEASE.jar;D:\maven-repo\org\springframework\data\spring-data-commons\2.0.11.RELEASE\spring-data-commons-2.0.11.RELEASE.jar;D:\maven-repo\org\springframework\spring-orm\5.0.10.RELEASE\spring-orm-5.0.10.RELEASE.jar;D:\maven-repo\org\springframework\spring-tx\5.0.10.RELEASE\spring-tx-5.0.10.RELEASE.jar;D:\maven-repo\org\springframework\spring-beans\5.0.10.RELEASE\spring-beans-5.0.10.RELEASE.jar;D:\maven-repo\org\slf4j\slf4j-api\1.7.25\slf4j-api-1.7.25.jar;D:\maven-repo\org\springframework\spring-aspects\5.0.10.RELEASE\spring-aspects-5.0.10.RELEASE.jar;D:\maven-repo\org\springframework\boot\spring-boot-starter-test\2.0.6.RELEASE\spring-boot-starter-test-2.0.6.RELEASE.jar;D:\maven-repo\org\springframework\boot\spring-boot-test\2.0.6.RELEASE\spring-boot-test-2.0.6.RELEASE.jar;D:\maven-repo\org\springframework\boot\spring-boot-test-autoconfigure\2.0.6.RELEASE\spring-boot-test-autoconfigure-2.0.6.RELEASE.jar;D:\maven-repo\com\jayway\jsonpath\json-path\2.4.0\json-path-2.4.0.jar;D:\maven-repo\net\minidev\json-smart\2.3\json-smart-2.3.jar;D:\maven-repo\net\minidev\accessors-smart\1.2\accessors-smart-1.2.jar;D:\maven-repo\org\ow2\asm\asm\5.0.4\asm-5.0.4.jar;D:\maven-repo\junit\junit\4.12\junit-4.12.jar;D:\maven-repo\org\assertj\assertj-core\3.9.1\assertj-core-3.9.1.jar;D:\maven-repo\org\mockito\mockito-core\2.15.0\mockito-core-2.15.0.jar;D:\maven-repo\net\bytebuddy\byte-buddy\1.7.11\byte-buddy-1.7.11.jar;D:\maven-repo\net\bytebuddy\byte-buddy-agent\1.7.11\byte-buddy-agent-1.7.11.jar;D:\maven-repo\org\objenesis\objenesis\2.6\objenesis-2.6.jar;D:\maven-repo\org\hamcrest\hamcrest-core\1.3\hamcrest-core-1.3.jar;D:\maven-repo\org\hamcrest\hamcrest-library\1.3\hamcrest-library-1.3.jar;D:\maven-repo\org\skyscreamer\jsonassert\1.5.0\jsonassert-1.5.0.jar;D:\maven-repo\com\vaadin\external\google\android-json\0.0.20131108.vaadin1\android-json-0.0.20131108.vaadin1.jar;D:\maven-repo\org\springframework\spring-core\5.0.10.RELEASE\spring-core-5.0.10.RELEASE.jar;D:\maven-repo\org\springframework\spring-jcl\5.0.10.RELEASE\spring-jcl-5.0.10.RELEASE.jar;D:\maven-repo\org\springframework\spring-test\5.0.10.RELEASE\spring-test-5.0.10.RELEASE.jar;D:\maven-repo\org\xmlunit\xmlunit-core\2.5.1\xmlunit-core-2.5.1.jar;D:\maven-repo\com\squareup\retrofit2\converter-gson\2.4.0\converter-gson-2.4.0.jar;D:\maven-repo\com\squareup\retrofit2\retrofit\2.4.0\retrofit-2.4.0.jar;D:\maven-repo\com\squareup\okhttp3\okhttp\3.10.0\okhttp-3.10.0.jar;D:\maven-repo\com\squareup\okio\okio\1.14.0\okio-1.14.0.jar;D:\maven-repo\org\springframework\boot\spring-boot-configuration-processor\2.0.6.RELEASE\spring-boot-configuration-processor-2.0.6.RELEASE.jar;D:\maven-repo\org\springframework\boot\spring-boot-starter-security\2.0.6.RELEASE\spring-boot-starter-security-2.0.6.RELEASE.jar;D:\maven-repo\org\springframework\spring-aop\5.0.10.RELEASE\spring-aop-5.0.10.RELEASE.jar;D:\maven-repo\org\springframework\security\spring-security-config\5.0.9.RELEASE\spring-security-config-5.0.9.RELEASE.jar;D:\maven-repo\org\springframework\security\spring-security-core\5.0.9.RELEASE\spring-security-core-5.0.9.RELEASE.jar;D:\maven-repo\org\springframework\security\spring-security-web\5.0.9.RELEASE\spring-security-web-5.0.9.RELEASE.jar;D:\maven-repo\org\springframework\spring-expression\5.0.10.RELEASE\spring-expression-5.0.10.RELEASE.jar;D:\maven-repo\org\springframework\spring-web\5.0.10.RELEASE\spring-web-5.0.10.RELEASE.jar;D:\maven-repo\com\google\code\gson\gson\2.8.5\gson-2.8.5.jar;D:\maven-repo\org\projectlombok\lombok\1.16.22\lombok-1.16.22.jar;D:\maven-repo\org\apache\commons\commons-lang3\3.7\commons-lang3-3.7.jar;D:\maven-repo\org\postgresql\postgresql\42.2.11\postgresql-42.2.11.jar;, java.specification.name=Java Platform API Specification, java.class.version=52.0, sun.management.compiler=HotSpot 64-Bit Tiered Compilers, os.version=10.0, user.home=D:\USUARIOS\Dell, user.timezone=America/Bogota, java.awt.printerjob=sun.awt.windows.WPrinterJob, file.encoding=Cp1252, java.specification.version=1.8, java.class.path=D:\USUARIOS\Dell\Documents\Personal\Cafe\nephrologist-legacy\module\core\application\target\test-classes;D:\USUARIOS\Dell\Documents\Personal\Cafe\nephrologist-legacy\module\core\application\target\classes;D:\maven-repo\javax\validation\validation-api\2.0.1.Final\validation-api-2.0.1.Final.jar;D:\maven-repo\org\springframework\boot\spring-boot-starter-actuator\2.0.6.RELEASE\spring-boot-starter-actuator-2.0.6.RELEASE.jar;D:\maven-repo\org\springframework\boot\spring-boot-starter\2.0.6.RELEASE\spring-boot-starter-2.0.6.RELEASE.jar;D:\maven-repo\org\springframework\boot\spring-boot\2.0.6.RELEASE\spring-boot-2.0.6.RELEASE.jar;D:\maven-repo\org\springframework\boot\spring-boot-autoconfigure\2.0.6.RELEASE\spring-boot-autoconfigure-2.0.6.RELEASE.jar;D:\maven-repo\org\springframework\boot\spring-boot-starter-logging\2.0.6.RELEASE\spring-boot-starter-logging-2.0.6.RELEASE.jar;D:\maven-repo\ch\qos\logback\logback-classic\1.2.3\logback-classic-1.2.3.jar;D:\maven-repo\ch\qos\logback\logback-core\1.2.3\logback-core-1.2.3.jar;D:\maven-repo\org\apache\logging\log4j\log4j-to-slf4j\2.10.0\log4j-to-slf4j-2.10.0.jar;D:\maven-repo\org\apache\logging\log4j\log4j-api\2.10.0\log4j-api-2.10.0.jar;D:\maven-repo\org\slf4j\jul-to-slf4j\1.7.25\jul-to-slf4j-1.7.25.jar;D:\maven-repo\javax\annotation\javax.annotation-api\1.3.2\javax.annotation-api-1.3.2.jar;D:\maven-repo\org\yaml\snakeyaml\1.19\snakeyaml-1.19.jar;D:\maven-repo\org\springframework\boot\spring-boot-actuator-autoconfigure\2.0.6.RELEASE\spring-boot-actuator-autoconfigure-2.0.6.RELEASE.jar;D:\maven-repo\org\springframework\boot\spring-boot-actuator\2.0.6.RELEASE\spring-boot-actuator-2.0.6.RELEASE.jar;D:\maven-repo\com\fasterxml\jackson\core\jackson-databind\2.9.7\jackson-databind-2.9.7.jar;D:\maven-repo\com\fasterxml\jackson\core\jackson-annotations\2.9.0\jackson-annotations-2.9.0.jar;D:\maven-repo\com\fasterxml\jackson\core\jackson-core\2.9.7\jackson-core-2.9.7.jar;D:\maven-repo\org\springframework\spring-context\5.0.10.RELEASE\spring-context-5.0.10.RELEASE.jar;D:\maven-repo\com\fasterxml\jackson\datatype\jackson-datatype-jsr310\2.9.7\jackson-datatype-jsr310-2.9.7.jar;D:\maven-repo\io\micrometer\micrometer-core\1.0.7\micrometer-core-1.0.7.jar;D:\maven-repo\org\hdrhistogram\HdrHistogram\2.1.10\HdrHistogram-2.1.10.jar;D:\maven-repo\org\latencyutils\LatencyUtils\2.0.3\LatencyUtils-2.0.3.jar;D:\maven-repo\org\springframework\boot\spring-boot-starter-data-jpa\2.0.6.RELEASE\spring-boot-starter-data-jpa-2.0.6.RELEASE.jar;D:\maven-repo\org\springframework\boot\spring-boot-starter-aop\2.0.6.RELEASE\spring-boot-starter-aop-2.0.6.RELEASE.jar;D:\maven-repo\org\aspectj\aspectjweaver\1.8.13\aspectjweaver-1.8.13.jar;D:\maven-repo\org\springframework\boot\spring-boot-starter-jdbc\2.0.6.RELEASE\spring-boot-starter-jdbc-2.0.6.RELEASE.jar;D:\maven-repo\com\zaxxer\HikariCP\2.7.9\HikariCP-2.7.9.jar;D:\maven-repo\org\springframework\spring-jdbc\5.0.10.RELEASE\spring-jdbc-5.0.10.RELEASE.jar;D:\maven-repo\javax\transaction\javax.transaction-api\1.2\javax.transaction-api-1.2.jar;D:\maven-repo\org\hibernate\hibernate-core\5.2.17.Final\hibernate-core-5.2.17.Final.jar;D:\maven-repo\org\jboss\logging\jboss-logging\3.3.2.Final\jboss-logging-3.3.2.Final.jar;D:\maven-repo\org\hibernate\javax\persistence\hibernate-jpa-2.1-api\1.0.2.Final\hibernate-jpa-2.1-api-1.0.2.Final.jar;D:\maven-repo\org\javassist\javassist\3.22.0-GA\javassist-3.22.0-GA.jar;D:\maven-repo\antlr\antlr\2.7.7\antlr-2.7.7.jar;D:\maven-repo\org\jboss\jandex\2.0.3.Final\jandex-2.0.3.Final.jar;D:\maven-repo\com\fasterxml\classmate\1.3.4\classmate-1.3.4.jar;D:\maven-repo\dom4j\dom4j\1.6.1\dom4j-1.6.1.jar;D:\maven-repo\org\hibernate\common\hibernate-commons-annotations\5.0.1.Final\hibernate-commons-annotations-5.0.1.Final.jar;D:\maven-repo\org\springframework\data\spring-data-jpa\2.0.11.RELEASE\spring-data-jpa-2.0.11.RELEASE.jar;D:\maven-repo\org\springframework\data\spring-data-commons\2.0.11.RELEASE\spring-data-commons-2.0.11.RELEASE.jar;D:\maven-repo\org\springframework\spring-orm\5.0.10.RELEASE\spring-orm-5.0.10.RELEASE.jar;D:\maven-repo\org\springframework\spring-tx\5.0.10.RELEASE\spring-tx-5.0.10.RELEASE.jar;D:\maven-repo\org\springframework\spring-beans\5.0.10.RELEASE\spring-beans-5.0.10.RELEASE.jar;D:\maven-repo\org\slf4j\slf4j-api\1.7.25\slf4j-api-1.7.25.jar;D:\maven-repo\org\springframework\spring-aspects\5.0.10.RELEASE\spring-aspects-5.0.10.RELEASE.jar;D:\maven-repo\org\springframework\boot\spring-boot-starter-test\2.0.6.RELEASE\spring-boot-starter-test-2.0.6.RELEASE.jar;D:\maven-repo\org\springframework\boot\spring-boot-test\2.0.6.RELEASE\spring-boot-test-2.0.6.RELEASE.jar;D:\maven-repo\org\springframework\boot\spring-boot-test-autoconfigure\2.0.6.RELEASE\spring-boot-test-autoconfigure-2.0.6.RELEASE.jar;D:\maven-repo\com\jayway\jsonpath\json-path\2.4.0\json-path-2.4.0.jar;D:\maven-repo\net\minidev\json-smart\2.3\json-smart-2.3.jar;D:\maven-repo\net\minidev\accessors-smart\1.2\accessors-smart-1.2.jar;D:\maven-repo\org\ow2\asm\asm\5.0.4\asm-5.0.4.jar;D:\maven-repo\junit\junit\4.12\junit-4.12.jar;D:\maven-repo\org\assertj\assertj-core\3.9.1\assertj-core-3.9.1.jar;D:\maven-repo\org\mockito\mockito-core\2.15.0\mockito-core-2.15.0.jar;D:\maven-repo\net\bytebuddy\byte-buddy\1.7.11\byte-buddy-1.7.11.jar;D:\maven-repo\net\bytebuddy\byte-buddy-agent\1.7.11\byte-buddy-agent-1.7.11.jar;D:\maven-repo\org\objenesis\objenesis\2.6\objenesis-2.6.jar;D:\maven-repo\org\hamcrest\hamcrest-core\1.3\hamcrest-core-1.3.jar;D:\maven-repo\org\hamcrest\hamcrest-library\1.3\hamcrest-library-1.3.jar;D:\maven-repo\org\skyscreamer\jsonassert\1.5.0\jsonassert-1.5.0.jar;D:\maven-repo\com\vaadin\external\google\android-json\0.0.20131108.vaadin1\android-json-0.0.20131108.vaadin1.jar;D:\maven-repo\org\springframework\spring-core\5.0.10.RELEASE\spring-core-5.0.10.RELEASE.jar;D:\maven-repo\org\springframework\spring-jcl\5.0.10.RELEASE\spring-jcl-5.0.10.RELEASE.jar;D:\maven-repo\org\springframework\spring-test\5.0.10.RELEASE\spring-test-5.0.10.RELEASE.jar;D:\maven-repo\org\xmlunit\xmlunit-core\2.5.1\xmlunit-core-2.5.1.jar;D:\maven-repo\com\squareup\retrofit2\converter-gson\2.4.0\converter-gson-2.4.0.jar;D:\maven-repo\com\squareup\retrofit2\retrofit\2.4.0\retrofit-2.4.0.jar;D:\maven-repo\com\squareup\okhttp3\okhttp\3.10.0\okhttp-3.10.0.jar;D:\maven-repo\com\squareup\okio\okio\1.14.0\okio-1.14.0.jar;D:\maven-repo\org\springframework\boot\spring-boot-configuration-processor\2.0.6.RELEASE\spring-boot-configuration-processor-2.0.6.RELEASE.jar;D:\maven-repo\org\springframework\boot\spring-boot-starter-security\2.0.6.RELEASE\spring-boot-starter-security-2.0.6.RELEASE.jar;D:\maven-repo\org\springframework\spring-aop\5.0.10.RELEASE\spring-aop-5.0.10.RELEASE.jar;D:\maven-repo\org\springframework\security\spring-security-config\5.0.9.RELEASE\spring-security-config-5.0.9.RELEASE.jar;D:\maven-repo\org\springframework\security\spring-security-core\5.0.9.RELEASE\spring-security-core-5.0.9.RELEASE.jar;D:\maven-repo\org\springframework\security\spring-security-web\5.0.9.RELEASE\spring-security-web-5.0.9.RELEASE.jar;D:\maven-repo\org\springframework\spring-expression\5.0.10.RELEASE\spring-expression-5.0.10.RELEASE.jar;D:\maven-repo\org\springframework\spring-web\5.0.10.RELEASE\spring-web-5.0.10.RELEASE.jar;D:\maven-repo\com\google\code\gson\gson\2.8.5\gson-2.8.5.jar;D:\maven-repo\org\projectlombok\lombok\1.16.22\lombok-1.16.22.jar;D:\maven-repo\org\apache\commons\commons-lang3\3.7\commons-lang3-3.7.jar;D:\maven-repo\org\postgresql\postgresql\42.2.11\postgresql-42.2.11.jar;, user.name=Dell, java.vm.specification.version=1.8, sun.java.command=D:\USUARIOS\Dell\AppData\Local\Temp\surefire713894780063046483\surefirebooter5042040409176890142.jar D:\USUARIOS\Dell\AppData\Local\Temp\surefire713894780063046483 2020-03-31T14-11-22_055-jvmRun1 surefire303941282883148581tmp surefire_05258317601723999416tmp, java.home=C:\Program Files\Java\jdk1.8.0_231\jre, sun.arch.data.model=64, user.language=es, java.specification.vendor=Oracle Corporation, awt.toolkit=sun.awt.windows.WToolkit, java.vm.info=mixed mode, java.version=1.8.0_231, java.ext.dirs=C:\Program Files\Java\jdk1.8.0_231\jre\lib\ext;C:\Windows\Sun\Java\lib\ext, sun.boot.class.path=C:\Program Files\Java\jdk1.8.0_231\jre\lib\resources.jar;C:\Program Files\Java\jdk1.8.0_231\jre\lib\rt.jar;C:\Program Files\Java\jdk1.8.0_231\jre\lib\sunrsasign.jar;C:\Program Files\Java\jdk1.8.0_231\jre\lib\jsse.jar;C:\Program Files\Java\jdk1.8.0_231\jre\lib\jce.jar;C:\Program Files\Java\jdk1.8.0_231\jre\lib\charsets.jar;C:\Program Files\Java\jdk1.8.0_231\jre\lib\jfr.jar;C:\Program Files\Java\jdk1.8.0_231\jre\classes, java.vendor=Oracle Corporation, localRepository=D:\maven-repo, file.separator=\, java.vendor.url.bug=http://bugreport.sun.com/bugreport/, sun.io.unicode.encoding=UnicodeLittle, sun.cpu.endian=little, sun.desktop=windows, sun.cpu.isalist=amd64}}, SystemEnvironmentPropertySource@1447499999 {name='systemEnvironment', properties={PATH=C:\Program Files\Java\jdk1.8.0_231;C:\Windows\system32;C:\Windows;C:\Windows\System32\Wbem;C:\Windows\System32\WindowsPowerShell\v1.0\;C:\apache-maven-3.6.2-bin\apache-maven-3.6.2-bin-j8\apache-maven-3.6.2\bin;C:\Program Files\TortoiseSVN\bin;C:\openshift-origin-client-tools-v3.11.0-0cbc58b-windows;C:\minishift-1.34.1-windows-amd64;C:\openshift-origin-client-tools-linux-64bit;C:\Program Files\nodejs\;C:\Program Files\Git\cmd;D:\jboss-eap-6.1;C:\Ruby26-x64\bin;D:\USUARIOS\Dell\AppData\Local\Microsoft\WindowsApps;C:\apache-maven-3.6.2-bin\apache-maven-3.6.2\bin;D:\USUARIOS\Dell\AppData\Local\Programs\Microsoft VS Code\bin;D:\USUARIOS\Dell\AppData\Roaming\npm;C:\Program Files\Java\jdk1.8.0_231\bin;, USERDOMAIN_ROAMINGPROFILE=DESKTOP-KG013E8, PROCESSOR_LEVEL=6, SYSTEMDRIVE=C:, POSTGIS_GDAL_ENABLED_DRIVERS=GTiff PNG JPEG GIF XYZ DTED USGSDEM AAIGrid, SESSIONNAME=Console, ALLUSERSPROFILE=C:\ProgramData, GDAL_DATA=C:\Program Files\PostgreSQL\12\gdal-data, PROCESSOR_ARCHITECTURE=AMD64, OPENSHIFT=C:\openshift-origin-client-tools-v3.11.0-0cbc58b-windows, MAVEN_HOME=C:\apache-maven-3.6.2-bin\apache-maven-3.6.2-bin-j8\apache-maven-3.6.2\bin\.., PROGRAMFILES=C:\Program Files, POSTGIS_ENABLE_OUTDB_RASTERS=1, PSMODULEPATH=C:\Program Files\WindowsPowerShell\Modules;C:\Windows\system32\WindowsPowerShell\v1.0\Modules, PROGRAMDATA=C:\ProgramData, USERNAME=Dell, WDIR=D:\, FPS_BROWSER_USER_PROFILE_STRING=Default, ONEDRIVE=D:\USUARIOS\Dell\OneDrive, PATHEXT=.COM;.EXE;.BAT;.CMD;.VBS;.VBE;.JS;.JSE;.WSF;.WSH;.MSC;.RB;.RBW, CLASSWORLDS_JAR="C:\apache-maven-3.6.2-bin\apache-maven-3.6.2-bin-j8\apache-maven-3.6.2\bin\..\boot\plexus-classworlds-2.6.0.jar", WINDIR=C:\Windows, HOMEPATH=\USUARIOS\Dell, PROCESSOR_IDENTIFIER=Intel64 Family 6 Model 142 Stepping 9, GenuineIntel, PUBLIC=D:\USUARIOS\Public, =::=::\, =EXITCODE=00000000, OPENSSL_CONF=C:\Program Files\PostgreSQL\psqlODBC\etc\openssl.cnf, LOCALAPPDATA=D:\USUARIOS\Dell\AppData\Local, COMMONPROGRAMFILES(X86)=C:\Program Files (x86)\Common Files, USERDOMAIN=DESKTOP-KG013E8, FPS_BROWSER_APP_PROFILE_STRING=Internet Explorer, LOGONSERVER=\\DESKTOP-KG013E8, JAVA_HOME=C:\Program Files\Java\jdk1.8.0_231, PROMPT=$P$G, PROGRAMFILES(X86)=C:\Program Files (x86), MINISHIFT_=C:\minishift-1.34.1-windows-amd64, ERROR_CODE=0, EXEC_DIR=D:\USUARIOS\Dell\Documents\Personal\Cafe\nephrologist-legacy\module\core\application, APPDATA=D:\USUARIOS\Dell\AppData\Roaming, PROGRAMW6432=C:\Program Files, SYSTEMROOT=C:\Windows, MAVEN_CMD_LINE_ARGS=clean install, VBOX_MSI_INSTALL_PATH=C:\Program Files\Oracle\VirtualBox\, OS=Windows_NT, COMMONPROGRAMW6432=C:\Program Files\Common Files, COMPUTERNAME=DESKTOP-KG013E8, JBOSS_HOME=D:\jboss-eap-6.1, COMMONPROGRAMFILES=C:\Program Files\Common Files, COMSPEC=C:\Windows\system32\cmd.exe, JAVACMD=C:\Program Files\Java\jdk1.8.0_231\bin\java.exe, MAVEN_PROJECTBASEDIR=D:\USUARIOS\Dell\Documents\Personal\Cafe\nephrologist-legacy\module\core\application, PROCESSOR_REVISION=8e09, CLASSWORLDS_LAUNCHER=org.codehaus.plexus.classworlds.launcher.Launcher, =D:=D:\USUARIOS\Dell\Documents\Personal\Cafe\nephrologist-legacy\module\core\application, TEMP=D:\USUARIOS\Dell\AppData\Local\Temp, HOMEDRIVE=D:, USERPROFILE=D:\USUARIOS\Dell, TMP=D:\USUARIOS\Dell\AppData\Local\Temp, NUMBER_OF_PROCESSORS=4, JVMCONFIG=\.mvn\jvm.config}}]
14:11:23.453 [main] DEBUG org.springframework.core.io.support.PathMatchingResourcePatternResolver - Resolved classpath location [com/cafeto/core/application/handler/] to resources [URL [file:/D:/USUARIOS/Dell/Documents/Personal/Cafe/nephrologist-legacy/module/core/application/target/test-classes/com/cafeto/core/application/handler/], URL [file:/D:/USUARIOS/Dell/Documents/Personal/Cafe/nephrologist-legacy/module/core/application/target/classes/com/cafeto/core/application/handler/]]
14:11:23.454 [main] DEBUG org.springframework.core.io.support.PathMatchingResourcePatternResolver - Looking for matching resources in directory tree [D:\USUARIOS\Dell\Documents\Personal\Cafe\nephrologist-legacy\module\core\application\target\test-classes\com\cafeto\core\application\handler]
14:11:23.454 [main] DEBUG org.springframework.core.io.support.PathMatchingResourcePatternResolver - Searching directory [D:\USUARIOS\Dell\Documents\Personal\Cafe\nephrologist-legacy\module\core\application\target\test-classes\com\cafeto\core\application\handler] for files matching pattern [D:/USUARIOS/Dell/Documents/Personal/Cafe/nephrologist-legacy/module/core/application/target/test-classes/com/cafeto/core/application/handler/*.class]
14:11:23.466 [main] DEBUG org.springframework.core.io.support.PathMatchingResourcePatternResolver - Looking for matching resources in directory tree [D:\USUARIOS\Dell\Documents\Personal\Cafe\nephrologist-legacy\module\core\application\target\classes\com\cafeto\core\application\handler]
14:11:23.467 [main] DEBUG org.springframework.core.io.support.PathMatchingResourcePatternResolver - Searching directory [D:\USUARIOS\Dell\Documents\Personal\Cafe\nephrologist-legacy\module\core\application\target\classes\com\cafeto\core\application\handler] for files matching pattern [D:/USUARIOS/Dell/Documents/Personal/Cafe/nephrologist-legacy/module/core/application/target/classes/com/cafeto/core/application/handler/*.class]
14:11:23.469 [main] DEBUG org.springframework.core.io.support.PathMatchingResourcePatternResolver - Resolved location pattern [classpath*:com/cafeto/core/application/handler/*.class] to resources [file [D:\USUARIOS\Dell\Documents\Personal\Cafe\nephrologist-legacy\module\core\application\target\test-classes\com\cafeto\core\application\handler\CityManagerHandlerTest$CityManagerHandlerTestConfiguration.class], file [D:\USUARIOS\Dell\Documents\Personal\Cafe\nephrologist-legacy\module\core\application\target\test-classes\com\cafeto\core\application\handler\CityManagerHandlerTest.class], file [D:\USUARIOS\Dell\Documents\Personal\Cafe\nephrologist-legacy\module\core\application\target\test-classes\com\cafeto\core\application\handler\ClinicManagerHandlerTest$ClinicManagerHandlerTestConfiguration.class], file [D:\USUARIOS\Dell\Documents\Personal\Cafe\nephrologist-legacy\module\core\application\target\test-classes\com\cafeto\core\application\handler\ClinicManagerHandlerTest.class], file [D:\USUARIOS\Dell\Documents\Personal\Cafe\nephrologist-legacy\module\core\application\target\test-classes\com\cafeto\core\application\handler\ClinicTypeManagerHandlerTest$ClinicTypeManagerHandlerTestConfiguration.class], file [D:\USUARIOS\Dell\Documents\Personal\Cafe\nephrologist-legacy\module\core\application\target\test-classes\com\cafeto\core\application\handler\ClinicTypeManagerHandlerTest.class], file [D:\USUARIOS\Dell\Documents\Personal\Cafe\nephrologist-legacy\module\core\application\target\test-classes\com\cafeto\core\application\handler\NephrologistBaseClinicManagerHandlerTest$NephrologistBaseCLinicManagerHandlerTestConfiguration.class], file [D:\USUARIOS\Dell\Documents\Personal\Cafe\nephrologist-legacy\module\core\application\target\test-classes\com\cafeto\core\application\handler\NephrologistBaseClinicManagerHandlerTest.class], file [D:\USUARIOS\Dell\Documents\Personal\Cafe\nephrologist-legacy\module\core\application\target\test-classes\com\cafeto\core\application\handler\NephrologistManagerHandlerTest$NephrologistManagerHandlerTestConfiguration.class], file [D:\USUARIOS\Dell\Documents\Personal\Cafe\nephrologist-legacy\module\core\application\target\test-classes\com\cafeto\core\application\handler\NephrologistManagerHandlerTest.class], file [D:\USUARIOS\Dell\Documents\Personal\Cafe\nephrologist-legacy\module\core\application\target\test-classes\com\cafeto\core\application\handler\NephrologistTypeManagerHandlerTest$NephrologistTypeManagerHandlerTestConfiguration.class], file [D:\USUARIOS\Dell\Documents\Personal\Cafe\nephrologist-legacy\module\core\application\target\test-classes\com\cafeto\core\application\handler\NephrologistTypeManagerHandlerTest.class], file [D:\USUARIOS\Dell\Documents\Personal\Cafe\nephrologist-legacy\module\core\application\target\test-classes\com\cafeto\core\application\handler\TESTAdapterApplication.class], file [D:\USUARIOS\Dell\Documents\Personal\Cafe\nephrologist-legacy\module\core\application\target\test-classes\com\cafeto\core\application\handler\UserManagerHandlerTest$UserManagerHandlerTestConfiguration.class], file [D:\USUARIOS\Dell\Documents\Personal\Cafe\nephrologist-legacy\module\core\application\target\test-classes\com\cafeto\core\application\handler\UserManagerHandlerTest.class], file [D:\USUARIOS\Dell\Documents\Personal\Cafe\nephrologist-legacy\module\core\application\target\test-classes\com\cafeto\core\application\handler\ZoneManagerHandlerTest$ZoneManagerHandlerTestConfiguration.class], file [D:\USUARIOS\Dell\Documents\Personal\Cafe\nephrologist-legacy\module\core\application\target\test-classes\com\cafeto\core\application\handler\ZoneManagerHandlerTest.class], file [D:\USUARIOS\Dell\Documents\Personal\Cafe\nephrologist-legacy\module\core\application\target\classes\com\cafeto\core\application\handler\CityManagerHandler.class], file [D:\USUARIOS\Dell\Documents\Personal\Cafe\nephrologist-legacy\module\core\application\target\classes\com\cafeto\core\application\handler\ClinicManagerHandler.class], file [D:\USUARIOS\Dell\Documents\Personal\Cafe\nephrologist-legacy\module\core\application\target\classes\com\cafeto\core\application\handler\ClinicTypeManagerHandler.class], file [D:\USUARIOS\Dell\Documents\Personal\Cafe\nephrologist-legacy\module\core\application\target\classes\com\cafeto\core\application\handler\NephrologistBaseClinicManagerHandler.class], file [D:\USUARIOS\Dell\Documents\Personal\Cafe\nephrologist-legacy\module\core\application\target\classes\com\cafeto\core\application\handler\NephrologistManagerHandler.class], file [D:\USUARIOS\Dell\Documents\Personal\Cafe\nephrologist-legacy\module\core\application\target\classes\com\cafeto\core\application\handler\NephrologistTypeManagerHandler.class], file [D:\USUARIOS\Dell\Documents\Personal\Cafe\nephrologist-legacy\module\core\application\target\classes\com\cafeto\core\application\handler\UserManagerHandler.class], file [D:\USUARIOS\Dell\Documents\Personal\Cafe\nephrologist-legacy\module\core\application\target\classes\com\cafeto\core\application\handler\ZoneManagerHandler.class]]
14:11:23.596 [main] DEBUG org.springframework.context.annotation.ClassPathScanningCandidateComponentProvider - Identified candidate component class: file [D:\USUARIOS\Dell\Documents\Personal\Cafe\nephrologist-legacy\module\core\application\target\test-classes\com\cafeto\core\application\handler\TESTAdapterApplication.class]
14:11:23.615 [main] INFO org.springframework.boot.test.context.SpringBootTestContextBootstrapper - Found @SpringBootConfiguration com.cafeto.core.application.handler.TESTAdapterApplication for test class com.cafeto.core.application.handler.CityManagerHandlerTest
14:11:23.807 [main] DEBUG org.springframework.boot.test.context.SpringBootTestContextBootstrapper - @TestExecutionListeners is not present for class [com.cafeto.core.application.handler.CityManagerHandlerTest]: using defaults.
14:11:23.808 [main] INFO org.springframework.boot.test.context.SpringBootTestContextBootstrapper - Loaded default TestExecutionListener class names from location [META-INF/spring.factories]: [org.springframework.boot.test.mock.mockito.MockitoTestExecutionListener, org.springframework.boot.test.mock.mockito.ResetMocksTestExecutionListener, org.springframework.boot.test.autoconfigure.restdocs.RestDocsTestExecutionListener, org.springframework.boot.test.autoconfigure.web.client.MockRestServiceServerResetTestExecutionListener, org.springframework.boot.test.autoconfigure.web.servlet.MockMvcPrintOnlyOnFailureTestExecutionListener, org.springframework.boot.test.autoconfigure.web.servlet.WebDriverTestExecutionListener, org.springframework.test.context.web.ServletTestExecutionListener, org.springframework.test.context.support.DirtiesContextBeforeModesTestExecutionListener, org.springframework.test.context.support.DependencyInjectionTestExecutionListener, org.springframework.test.context.support.DirtiesContextTestExecutionListener, org.springframework.test.context.transaction.TransactionalTestExecutionListener, org.springframework.test.context.jdbc.SqlScriptsTestExecutionListener]
14:11:23.822 [main] DEBUG org.springframework.boot.test.context.SpringBootTestContextBootstrapper - Skipping candidate TestExecutionListener [org.springframework.test.context.web.ServletTestExecutionListener] due to a missing dependency. Specify custom listener classes or make the default listener classes and their required dependencies available. Offending class: [javax/servlet/ServletContext]
14:11:23.837 [main] INFO org.springframework.boot.test.context.SpringBootTestContextBootstrapper - Using TestExecutionListeners: [org.springframework.test.context.support.DirtiesContextBeforeModesTestExecutionListener@1e66f1f5, org.springframework.boot.test.mock.mockito.MockitoTestExecutionListener@4e50c791, org.springframework.boot.test.autoconfigure.SpringBootDependencyInjectionTestExecutionListener@7530ad9c, org.springframework.test.context.support.DirtiesContextTestExecutionListener@58a9760d, org.springframework.test.context.transaction.TransactionalTestExecutionListener@71e9ddb4, org.springframework.test.context.jdbc.SqlScriptsTestExecutionListener@394df057, org.springframework.boot.test.mock.mockito.ResetMocksTestExecutionListener@4961f6af, org.springframework.boot.test.autoconfigure.restdocs.RestDocsTestExecutionListener@5aebe890, org.springframework.boot.test.autoconfigure.web.client.MockRestServiceServerResetTestExecutionListener@65d09a04, org.springframework.boot.test.autoconfigure.web.servlet.MockMvcPrintOnlyOnFailureTestExecutionListener@33c911a1, org.springframework.boot.test.autoconfigure.web.servlet.WebDriverTestExecutionListener@75db5df9]
14:11:23.842 [main] DEBUG org.springframework.test.annotation.ProfileValueUtils - Retrieved @ProfileValueSourceConfiguration [null] for test class [com.cafeto.core.application.handler.CityManagerHandlerTest]
14:11:23.844 [main] DEBUG org.springframework.test.annotation.ProfileValueUtils - Retrieved ProfileValueSource type [class org.springframework.test.annotation.SystemProfileValueSource] for class [com.cafeto.core.application.handler.CityManagerHandlerTest]
14:11:23.847 [main] DEBUG org.springframework.test.annotation.ProfileValueUtils - Retrieved @ProfileValueSourceConfiguration [null] for test class [com.cafeto.core.application.handler.CityManagerHandlerTest]
14:11:23.847 [main] DEBUG org.springframework.test.annotation.ProfileValueUtils - Retrieved ProfileValueSource type [class org.springframework.test.annotation.SystemProfileValueSource] for class [com.cafeto.core.application.handler.CityManagerHandlerTest]
14:11:23.849 [main] DEBUG org.springframework.test.annotation.ProfileValueUtils - Retrieved @ProfileValueSourceConfiguration [null] for test class [com.cafeto.core.application.handler.CityManagerHandlerTest]
14:11:23.849 [main] DEBUG org.springframework.test.annotation.ProfileValueUtils - Retrieved ProfileValueSource type [class org.springframework.test.annotation.SystemProfileValueSource] for class [com.cafeto.core.application.handler.CityManagerHandlerTest]
14:11:23.856 [main] DEBUG org.springframework.test.context.support.AbstractDirtiesContextTestExecutionListener - Before test class: context [DefaultTestContext@77f80c04 testClass = CityManagerHandlerTest, testInstance = [null], testMethod = [null], testException = [null], mergedContextConfiguration = [MergedContextConfiguration@1dac5ef testClass = CityManagerHandlerTest, locations = '{}', classes = '{class com.cafeto.core.application.handler.TESTAdapterApplication, class com.cafeto.core.application.handler.CityManagerHandlerTest$CityManagerHandlerTestConfiguration}', contextInitializerClasses = '[]', activeProfiles = '{}', propertySourceLocations = '{}', propertySourceProperties = '{org.springframework.boot.test.context.SpringBootTestContextBootstrapper=true}', contextCustomizers = set[org.springframework.boot.test.context.filter.ExcludeFilterContextCustomizer@130f889, org.springframework.boot.test.json.DuplicateJsonObjectContextCustomizerFactory$DuplicateJsonObjectContextCustomizer@101df177, org.springframework.boot.test.mock.mockito.MockitoContextCustomizer@1b06ff2a, org.springframework.boot.test.web.client.TestRestTemplateContextCustomizer@120d6fe6, org.springframework.boot.test.autoconfigure.properties.PropertyMappingContextCustomizer@0, org.springframework.boot.test.autoconfigure.web.servlet.WebDriverContextCustomizerFactory$Customizer@27c6e487], contextLoader = 'org.springframework.boot.test.context.SpringBootContextLoader', parent = [null]], attributes = map[[empty]]], class annotated with @DirtiesContext [false] with mode [null].
14:11:23.858 [main] DEBUG org.springframework.test.annotation.ProfileValueUtils - Retrieved @ProfileValueSourceConfiguration [null] for test class [com.cafeto.core.application.handler.CityManagerHandlerTest]
14:11:23.858 [main] DEBUG org.springframework.test.annotation.ProfileValueUtils - Retrieved ProfileValueSource type [class org.springframework.test.annotation.SystemProfileValueSource] for class [com.cafeto.core.application.handler.CityManagerHandlerTest]
14:11:23.903 [main] DEBUG org.springframework.core.env.StandardEnvironment - Adding PropertySource 'systemProperties' with lowest search precedence
14:11:23.903 [main] DEBUG org.springframework.core.env.StandardEnvironment - Adding PropertySource 'systemEnvironment' with lowest search precedence
14:11:23.904 [main] DEBUG org.springframework.core.env.StandardEnvironment - Initialized StandardEnvironment with PropertySources [MapPropertySource@623247230 {name='systemProperties', properties={java.runtime.name=Java(TM) SE Runtime Environment, sun.boot.library.path=C:\Program Files\Java\jdk1.8.0_231\jre\bin, java.vm.version=25.231-b11, java.vm.vendor=Oracle Corporation, java.vendor.url=http://java.oracle.com/, path.separator=;, java.vm.name=Java HotSpot(TM) 64-Bit Server VM, file.encoding.pkg=sun.io, user.country=CO, user.script=, sun.java.launcher=SUN_STANDARD, sun.os.patch.level=, java.vm.specification.name=Java Virtual Machine Specification, user.dir=D:\USUARIOS\Dell\Documents\Personal\Cafe\nephrologist-legacy\module\core\application, java.runtime.version=1.8.0_231-b11, basedir=D:\USUARIOS\Dell\Documents\Personal\Cafe\nephrologist-legacy\module\core\application, java.awt.graphicsenv=sun.awt.Win32GraphicsEnvironment, java.endorsed.dirs=C:\Program Files\Java\jdk1.8.0_231\jre\lib\endorsed, os.arch=amd64, surefire.real.class.path=D:\USUARIOS\Dell\AppData\Local\Temp\surefire713894780063046483\surefirebooter5042040409176890142.jar, java.io.tmpdir=D:\USUARIOS\Dell\AppData\Local\Temp\, line.separator=
, java.vm.specification.vendor=Oracle Corporation, user.variant=, os.name=Windows 10, sun.jnu.encoding=Cp1252, java.library.path=C:\Program Files\Java\jdk1.8.0_231\jre\bin;C:\Windows\Sun\Java\bin;C:\Windows\system32;C:\Windows;C:\Program Files\Java\jdk1.8.0_231;C:\Windows\system32;C:\Windows;C:\Windows\System32\Wbem;C:\Windows\System32\WindowsPowerShell\v1.0\;C:\apache-maven-3.6.2-bin\apache-maven-3.6.2-bin-j8\apache-maven-3.6.2\bin;C:\Program Files\TortoiseSVN\bin;C:\openshift-origin-client-tools-v3.11.0-0cbc58b-windows;C:\minishift-1.34.1-windows-amd64;C:\openshift-origin-client-tools-linux-64bit;C:\Program Files\nodejs\;C:\Program Files\Git\cmd;D:\jboss-eap-6.1;C:\Ruby26-x64\bin;D:\USUARIOS\Dell\AppData\Local\Microsoft\WindowsApps;C:\apache-maven-3.6.2-bin\apache-maven-3.6.2\bin;D:\USUARIOS\Dell\AppData\Local\Programs\Microsoft VS Code\bin;D:\USUARIOS\Dell\AppData\Roaming\npm;C:\Program Files\Java\jdk1.8.0_231\bin;;., surefire.test.class.path=D:\USUARIOS\Dell\Documents\Personal\Cafe\nephrologist-legacy\module\core\application\target\test-classes;D:\USUARIOS\Dell\Documents\Personal\Cafe\nephrologist-legacy\module\core\application\target\classes;D:\maven-repo\javax\validation\validation-api\2.0.1.Final\validation-api-2.0.1.Final.jar;D:\maven-repo\org\springframework\boot\spring-boot-starter-actuator\2.0.6.RELEASE\spring-boot-starter-actuator-2.0.6.RELEASE.jar;D:\maven-repo\org\springframework\boot\spring-boot-starter\2.0.6.RELEASE\spring-boot-starter-2.0.6.RELEASE.jar;D:\maven-repo\org\springframework\boot\spring-boot\2.0.6.RELEASE\spring-boot-2.0.6.RELEASE.jar;D:\maven-repo\org\springframework\boot\spring-boot-autoconfigure\2.0.6.RELEASE\spring-boot-autoconfigure-2.0.6.RELEASE.jar;D:\maven-repo\org\springframework\boot\spring-boot-starter-logging\2.0.6.RELEASE\spring-boot-starter-logging-2.0.6.RELEASE.jar;D:\maven-repo\ch\qos\logback\logback-classic\1.2.3\logback-classic-1.2.3.jar;D:\maven-repo\ch\qos\logback\logback-core\1.2.3\logback-core-1.2.3.jar;D:\maven-repo\org\apache\logging\log4j\log4j-to-slf4j\2.10.0\log4j-to-slf4j-2.10.0.jar;D:\maven-repo\org\apache\logging\log4j\log4j-api\2.10.0\log4j-api-2.10.0.jar;D:\maven-repo\org\slf4j\jul-to-slf4j\1.7.25\jul-to-slf4j-1.7.25.jar;D:\maven-repo\javax\annotation\javax.annotation-api\1.3.2\javax.annotation-api-1.3.2.jar;D:\maven-repo\org\yaml\snakeyaml\1.19\snakeyaml-1.19.jar;D:\maven-repo\org\springframework\boot\spring-boot-actuator-autoconfigure\2.0.6.RELEASE\spring-boot-actuator-autoconfigure-2.0.6.RELEASE.jar;D:\maven-repo\org\springframework\boot\spring-boot-actuator\2.0.6.RELEASE\spring-boot-actuator-2.0.6.RELEASE.jar;D:\maven-repo\com\fasterxml\jackson\core\jackson-databind\2.9.7\jackson-databind-2.9.7.jar;D:\maven-repo\com\fasterxml\jackson\core\jackson-annotations\2.9.0\jackson-annotations-2.9.0.jar;D:\maven-repo\com\fasterxml\jackson\core\jackson-core\2.9.7\jackson-core-2.9.7.jar;D:\maven-repo\org\springframework\spring-context\5.0.10.RELEASE\spring-context-5.0.10.RELEASE.jar;D:\maven-repo\com\fasterxml\jackson\datatype\jackson-datatype-jsr310\2.9.7\jackson-datatype-jsr310-2.9.7.jar;D:\maven-repo\io\micrometer\micrometer-core\1.0.7\micrometer-core-1.0.7.jar;D:\maven-repo\org\hdrhistogram\HdrHistogram\2.1.10\HdrHistogram-2.1.10.jar;D:\maven-repo\org\latencyutils\LatencyUtils\2.0.3\LatencyUtils-2.0.3.jar;D:\maven-repo\org\springframework\boot\spring-boot-starter-data-jpa\2.0.6.RELEASE\spring-boot-starter-data-jpa-2.0.6.RELEASE.jar;D:\maven-repo\org\springframework\boot\spring-boot-starter-aop\2.0.6.RELEASE\spring-boot-starter-aop-2.0.6.RELEASE.jar;D:\maven-repo\org\aspectj\aspectjweaver\1.8.13\aspectjweaver-1.8.13.jar;D:\maven-repo\org\springframework\boot\spring-boot-starter-jdbc\2.0.6.RELEASE\spring-boot-starter-jdbc-2.0.6.RELEASE.jar;D:\maven-repo\com\zaxxer\HikariCP\2.7.9\HikariCP-2.7.9.jar;D:\maven-repo\org\springframework\spring-jdbc\5.0.10.RELEASE\spring-jdbc-5.0.10.RELEASE.jar;D:\maven-repo\javax\transaction\javax.transaction-api\1.2\javax.transaction-api-1.2.jar;D:\maven-repo\org\hibernate\hibernate-core\5.2.17.Final\hibernate-core-5.2.17.Final.jar;D:\maven-repo\org\jboss\logging\jboss-logging\3.3.2.Final\jboss-logging-3.3.2.Final.jar;D:\maven-repo\org\hibernate\javax\persistence\hibernate-jpa-2.1-api\1.0.2.Final\hibernate-jpa-2.1-api-1.0.2.Final.jar;D:\maven-repo\org\javassist\javassist\3.22.0-GA\javassist-3.22.0-GA.jar;D:\maven-repo\antlr\antlr\2.7.7\antlr-2.7.7.jar;D:\maven-repo\org\jboss\jandex\2.0.3.Final\jandex-2.0.3.Final.jar;D:\maven-repo\com\fasterxml\classmate\1.3.4\classmate-1.3.4.jar;D:\maven-repo\dom4j\dom4j\1.6.1\dom4j-1.6.1.jar;D:\maven-repo\org\hibernate\common\hibernate-commons-annotations\5.0.1.Final\hibernate-commons-annotations-5.0.1.Final.jar;D:\maven-repo\org\springframework\data\spring-data-jpa\2.0.11.RELEASE\spring-data-jpa-2.0.11.RELEASE.jar;D:\maven-repo\org\springframework\data\spring-data-commons\2.0.11.RELEASE\spring-data-commons-2.0.11.RELEASE.jar;D:\maven-repo\org\springframework\spring-orm\5.0.10.RELEASE\spring-orm-5.0.10.RELEASE.jar;D:\maven-repo\org\springframework\spring-tx\5.0.10.RELEASE\spring-tx-5.0.10.RELEASE.jar;D:\maven-repo\org\springframework\spring-beans\5.0.10.RELEASE\spring-beans-5.0.10.RELEASE.jar;D:\maven-repo\org\slf4j\slf4j-api\1.7.25\slf4j-api-1.7.25.jar;D:\maven-repo\org\springframework\spring-aspects\5.0.10.RELEASE\spring-aspects-5.0.10.RELEASE.jar;D:\maven-repo\org\springframework\boot\spring-boot-starter-test\2.0.6.RELEASE\spring-boot-starter-test-2.0.6.RELEASE.jar;D:\maven-repo\org\springframework\boot\spring-boot-test\2.0.6.RELEASE\spring-boot-test-2.0.6.RELEASE.jar;D:\maven-repo\org\springframework\boot\spring-boot-test-autoconfigure\2.0.6.RELEASE\spring-boot-test-autoconfigure-2.0.6.RELEASE.jar;D:\maven-repo\com\jayway\jsonpath\json-path\2.4.0\json-path-2.4.0.jar;D:\maven-repo\net\minidev\json-smart\2.3\json-smart-2.3.jar;D:\maven-repo\net\minidev\accessors-smart\1.2\accessors-smart-1.2.jar;D:\maven-repo\org\ow2\asm\asm\5.0.4\asm-5.0.4.jar;D:\maven-repo\junit\junit\4.12\junit-4.12.jar;D:\maven-repo\org\assertj\assertj-core\3.9.1\assertj-core-3.9.1.jar;D:\maven-repo\org\mockito\mockito-core\2.15.0\mockito-core-2.15.0.jar;D:\maven-repo\net\bytebuddy\byte-buddy\1.7.11\byte-buddy-1.7.11.jar;D:\maven-repo\net\bytebuddy\byte-buddy-agent\1.7.11\byte-buddy-agent-1.7.11.jar;D:\maven-repo\org\objenesis\objenesis\2.6\objenesis-2.6.jar;D:\maven-repo\org\hamcrest\hamcrest-core\1.3\hamcrest-core-1.3.jar;D:\maven-repo\org\hamcrest\hamcrest-library\1.3\hamcrest-library-1.3.jar;D:\maven-repo\org\skyscreamer\jsonassert\1.5.0\jsonassert-1.5.0.jar;D:\maven-repo\com\vaadin\external\google\android-json\0.0.20131108.vaadin1\android-json-0.0.20131108.vaadin1.jar;D:\maven-repo\org\springframework\spring-core\5.0.10.RELEASE\spring-core-5.0.10.RELEASE.jar;D:\maven-repo\org\springframework\spring-jcl\5.0.10.RELEASE\spring-jcl-5.0.10.RELEASE.jar;D:\maven-repo\org\springframework\spring-test\5.0.10.RELEASE\spring-test-5.0.10.RELEASE.jar;D:\maven-repo\org\xmlunit\xmlunit-core\2.5.1\xmlunit-core-2.5.1.jar;D:\maven-repo\com\squareup\retrofit2\converter-gson\2.4.0\converter-gson-2.4.0.jar;D:\maven-repo\com\squareup\retrofit2\retrofit\2.4.0\retrofit-2.4.0.jar;D:\maven-repo\com\squareup\okhttp3\okhttp\3.10.0\okhttp-3.10.0.jar;D:\maven-repo\com\squareup\okio\okio\1.14.0\okio-1.14.0.jar;D:\maven-repo\org\springframework\boot\spring-boot-configuration-processor\2.0.6.RELEASE\spring-boot-configuration-processor-2.0.6.RELEASE.jar;D:\maven-repo\org\springframework\boot\spring-boot-starter-security\2.0.6.RELEASE\spring-boot-starter-security-2.0.6.RELEASE.jar;D:\maven-repo\org\springframework\spring-aop\5.0.10.RELEASE\spring-aop-5.0.10.RELEASE.jar;D:\maven-repo\org\springframework\security\spring-security-config\5.0.9.RELEASE\spring-security-config-5.0.9.RELEASE.jar;D:\maven-repo\org\springframework\security\spring-security-core\5.0.9.RELEASE\spring-security-core-5.0.9.RELEASE.jar;D:\maven-repo\org\springframework\security\spring-security-web\5.0.9.RELEASE\spring-security-web-5.0.9.RELEASE.jar;D:\maven-repo\org\springframework\spring-expression\5.0.10.RELEASE\spring-expression-5.0.10.RELEASE.jar;D:\maven-repo\org\springframework\spring-web\5.0.10.RELEASE\spring-web-5.0.10.RELEASE.jar;D:\maven-repo\com\google\code\gson\gson\2.8.5\gson-2.8.5.jar;D:\maven-repo\org\projectlombok\lombok\1.16.22\lombok-1.16.22.jar;D:\maven-repo\org\apache\commons\commons-lang3\3.7\commons-lang3-3.7.jar;D:\maven-repo\org\postgresql\postgresql\42.2.11\postgresql-42.2.11.jar;, java.specification.name=Java Platform API Specification, java.class.version=52.0, sun.management.compiler=HotSpot 64-Bit Tiered Compilers, os.version=10.0, user.home=D:\USUARIOS\Dell, user.timezone=America/Bogota, java.awt.printerjob=sun.awt.windows.WPrinterJob, file.encoding=Cp1252, java.specification.version=1.8, java.class.path=D:\USUARIOS\Dell\Documents\Personal\Cafe\nephrologist-legacy\module\core\application\target\test-classes;D:\USUARIOS\Dell\Documents\Personal\Cafe\nephrologist-legacy\module\core\application\target\classes;D:\maven-repo\javax\validation\validation-api\2.0.1.Final\validation-api-2.0.1.Final.jar;D:\maven-repo\org\springframework\boot\spring-boot-starter-actuator\2.0.6.RELEASE\spring-boot-starter-actuator-2.0.6.RELEASE.jar;D:\maven-repo\org\springframework\boot\spring-boot-starter\2.0.6.RELEASE\spring-boot-starter-2.0.6.RELEASE.jar;D:\maven-repo\org\springframework\boot\spring-boot\2.0.6.RELEASE\spring-boot-2.0.6.RELEASE.jar;D:\maven-repo\org\springframework\boot\spring-boot-autoconfigure\2.0.6.RELEASE\spring-boot-autoconfigure-2.0.6.RELEASE.jar;D:\maven-repo\org\springframework\boot\spring-boot-starter-logging\2.0.6.RELEASE\spring-boot-starter-logging-2.0.6.RELEASE.jar;D:\maven-repo\ch\qos\logback\logback-classic\1.2.3\logback-classic-1.2.3.jar;D:\maven-repo\ch\qos\logback\logback-core\1.2.3\logback-core-1.2.3.jar;D:\maven-repo\org\apache\logging\log4j\log4j-to-slf4j\2.10.0\log4j-to-slf4j-2.10.0.jar;D:\maven-repo\org\apache\logging\log4j\log4j-api\2.10.0\log4j-api-2.10.0.jar;D:\maven-repo\org\slf4j\jul-to-slf4j\1.7.25\jul-to-slf4j-1.7.25.jar;D:\maven-repo\javax\annotation\javax.annotation-api\1.3.2\javax.annotation-api-1.3.2.jar;D:\maven-repo\org\yaml\snakeyaml\1.19\snakeyaml-1.19.jar;D:\maven-repo\org\springframework\boot\spring-boot-actuator-autoconfigure\2.0.6.RELEASE\spring-boot-actuator-autoconfigure-2.0.6.RELEASE.jar;D:\maven-repo\org\springframework\boot\spring-boot-actuator\2.0.6.RELEASE\spring-boot-actuator-2.0.6.RELEASE.jar;D:\maven-repo\com\fasterxml\jackson\core\jackson-databind\2.9.7\jackson-databind-2.9.7.jar;D:\maven-repo\com\fasterxml\jackson\core\jackson-annotations\2.9.0\jackson-annotations-2.9.0.jar;D:\maven-repo\com\fasterxml\jackson\core\jackson-core\2.9.7\jackson-core-2.9.7.jar;D:\maven-repo\org\springframework\spring-context\5.0.10.RELEASE\spring-context-5.0.10.RELEASE.jar;D:\maven-repo\com\fasterxml\jackson\datatype\jackson-datatype-jsr310\2.9.7\jackson-datatype-jsr310-2.9.7.jar;D:\maven-repo\io\micrometer\micrometer-core\1.0.7\micrometer-core-1.0.7.jar;D:\maven-repo\org\hdrhistogram\HdrHistogram\2.1.10\HdrHistogram-2.1.10.jar;D:\maven-repo\org\latencyutils\LatencyUtils\2.0.3\LatencyUtils-2.0.3.jar;D:\maven-repo\org\springframework\boot\spring-boot-starter-data-jpa\2.0.6.RELEASE\spring-boot-starter-data-jpa-2.0.6.RELEASE.jar;D:\maven-repo\org\springframework\boot\spring-boot-starter-aop\2.0.6.RELEASE\spring-boot-starter-aop-2.0.6.RELEASE.jar;D:\maven-repo\org\aspectj\aspectjweaver\1.8.13\aspectjweaver-1.8.13.jar;D:\maven-repo\org\springframework\boot\spring-boot-starter-jdbc\2.0.6.RELEASE\spring-boot-starter-jdbc-2.0.6.RELEASE.jar;D:\maven-repo\com\zaxxer\HikariCP\2.7.9\HikariCP-2.7.9.jar;D:\maven-repo\org\springframework\spring-jdbc\5.0.10.RELEASE\spring-jdbc-5.0.10.RELEASE.jar;D:\maven-repo\javax\transaction\javax.transaction-api\1.2\javax.transaction-api-1.2.jar;D:\maven-repo\org\hibernate\hibernate-core\5.2.17.Final\hibernate-core-5.2.17.Final.jar;D:\maven-repo\org\jboss\logging\jboss-logging\3.3.2.Final\jboss-logging-3.3.2.Final.jar;D:\maven-repo\org\hibernate\javax\persistence\hibernate-jpa-2.1-api\1.0.2.Final\hibernate-jpa-2.1-api-1.0.2.Final.jar;D:\maven-repo\org\javassist\javassist\3.22.0-GA\javassist-3.22.0-GA.jar;D:\maven-repo\antlr\antlr\2.7.7\antlr-2.7.7.jar;D:\maven-repo\org\jboss\jandex\2.0.3.Final\jandex-2.0.3.Final.jar;D:\maven-repo\com\fasterxml\classmate\1.3.4\classmate-1.3.4.jar;D:\maven-repo\dom4j\dom4j\1.6.1\dom4j-1.6.1.jar;D:\maven-repo\org\hibernate\common\hibernate-commons-annotations\5.0.1.Final\hibernate-commons-annotations-5.0.1.Final.jar;D:\maven-repo\org\springframework\data\spring-data-jpa\2.0.11.RELEASE\spring-data-jpa-2.0.11.RELEASE.jar;D:\maven-repo\org\springframework\data\spring-data-commons\2.0.11.RELEASE\spring-data-commons-2.0.11.RELEASE.jar;D:\maven-repo\org\springframework\spring-orm\5.0.10.RELEASE\spring-orm-5.0.10.RELEASE.jar;D:\maven-repo\org\springframework\spring-tx\5.0.10.RELEASE\spring-tx-5.0.10.RELEASE.jar;D:\maven-repo\org\springframework\spring-beans\5.0.10.RELEASE\spring-beans-5.0.10.RELEASE.jar;D:\maven-repo\org\slf4j\slf4j-api\1.7.25\slf4j-api-1.7.25.jar;D:\maven-repo\org\springframework\spring-aspects\5.0.10.RELEASE\spring-aspects-5.0.10.RELEASE.jar;D:\maven-repo\org\springframework\boot\spring-boot-starter-test\2.0.6.RELEASE\spring-boot-starter-test-2.0.6.RELEASE.jar;D:\maven-repo\org\springframework\boot\spring-boot-test\2.0.6.RELEASE\spring-boot-test-2.0.6.RELEASE.jar;D:\maven-repo\org\springframework\boot\spring-boot-test-autoconfigure\2.0.6.RELEASE\spring-boot-test-autoconfigure-2.0.6.RELEASE.jar;D:\maven-repo\com\jayway\jsonpath\json-path\2.4.0\json-path-2.4.0.jar;D:\maven-repo\net\minidev\json-smart\2.3\json-smart-2.3.jar;D:\maven-repo\net\minidev\accessors-smart\1.2\accessors-smart-1.2.jar;D:\maven-repo\org\ow2\asm\asm\5.0.4\asm-5.0.4.jar;D:\maven-repo\junit\junit\4.12\junit-4.12.jar;D:\maven-repo\org\assertj\assertj-core\3.9.1\assertj-core-3.9.1.jar;D:\maven-repo\org\mockito\mockito-core\2.15.0\mockito-core-2.15.0.jar;D:\maven-repo\net\bytebuddy\byte-buddy\1.7.11\byte-buddy-1.7.11.jar;D:\maven-repo\net\bytebuddy\byte-buddy-agent\1.7.11\byte-buddy-agent-1.7.11.jar;D:\maven-repo\org\objenesis\objenesis\2.6\objenesis-2.6.jar;D:\maven-repo\org\hamcrest\hamcrest-core\1.3\hamcrest-core-1.3.jar;D:\maven-repo\org\hamcrest\hamcrest-library\1.3\hamcrest-library-1.3.jar;D:\maven-repo\org\skyscreamer\jsonassert\1.5.0\jsonassert-1.5.0.jar;D:\maven-repo\com\vaadin\external\google\android-json\0.0.20131108.vaadin1\android-json-0.0.20131108.vaadin1.jar;D:\maven-repo\org\springframework\spring-core\5.0.10.RELEASE\spring-core-5.0.10.RELEASE.jar;D:\maven-repo\org\springframework\spring-jcl\5.0.10.RELEASE\spring-jcl-5.0.10.RELEASE.jar;D:\maven-repo\org\springframework\spring-test\5.0.10.RELEASE\spring-test-5.0.10.RELEASE.jar;D:\maven-repo\org\xmlunit\xmlunit-core\2.5.1\xmlunit-core-2.5.1.jar;D:\maven-repo\com\squareup\retrofit2\converter-gson\2.4.0\converter-gson-2.4.0.jar;D:\maven-repo\com\squareup\retrofit2\retrofit\2.4.0\retrofit-2.4.0.jar;D:\maven-repo\com\squareup\okhttp3\okhttp\3.10.0\okhttp-3.10.0.jar;D:\maven-repo\com\squareup\okio\okio\1.14.0\okio-1.14.0.jar;D:\maven-repo\org\springframework\boot\spring-boot-configuration-processor\2.0.6.RELEASE\spring-boot-configuration-processor-2.0.6.RELEASE.jar;D:\maven-repo\org\springframework\boot\spring-boot-starter-security\2.0.6.RELEASE\spring-boot-starter-security-2.0.6.RELEASE.jar;D:\maven-repo\org\springframework\spring-aop\5.0.10.RELEASE\spring-aop-5.0.10.RELEASE.jar;D:\maven-repo\org\springframework\security\spring-security-config\5.0.9.RELEASE\spring-security-config-5.0.9.RELEASE.jar;D:\maven-repo\org\springframework\security\spring-security-core\5.0.9.RELEASE\spring-security-core-5.0.9.RELEASE.jar;D:\maven-repo\org\springframework\security\spring-security-web\5.0.9.RELEASE\spring-security-web-5.0.9.RELEASE.jar;D:\maven-repo\org\springframework\spring-expression\5.0.10.RELEASE\spring-expression-5.0.10.RELEASE.jar;D:\maven-repo\org\springframework\spring-web\5.0.10.RELEASE\spring-web-5.0.10.RELEASE.jar;D:\maven-repo\com\google\code\gson\gson\2.8.5\gson-2.8.5.jar;D:\maven-repo\org\projectlombok\lombok\1.16.22\lombok-1.16.22.jar;D:\maven-repo\org\apache\commons\commons-lang3\3.7\commons-lang3-3.7.jar;D:\maven-repo\org\postgresql\postgresql\42.2.11\postgresql-42.2.11.jar;, user.name=Dell, java.vm.specification.version=1.8, sun.java.command=D:\USUARIOS\Dell\AppData\Local\Temp\surefire713894780063046483\surefirebooter5042040409176890142.jar D:\USUARIOS\Dell\AppData\Local\Temp\surefire713894780063046483 2020-03-31T14-11-22_055-jvmRun1 surefire303941282883148581tmp surefire_05258317601723999416tmp, java.home=C:\Program Files\Java\jdk1.8.0_231\jre, sun.arch.data.model=64, user.language=es, java.specification.vendor=Oracle Corporation, awt.toolkit=sun.awt.windows.WToolkit, java.vm.info=mixed mode, java.version=1.8.0_231, java.ext.dirs=C:\Program Files\Java\jdk1.8.0_231\jre\lib\ext;C:\Windows\Sun\Java\lib\ext, sun.boot.class.path=C:\Program Files\Java\jdk1.8.0_231\jre\lib\resources.jar;C:\Program Files\Java\jdk1.8.0_231\jre\lib\rt.jar;C:\Program Files\Java\jdk1.8.0_231\jre\lib\sunrsasign.jar;C:\Program Files\Java\jdk1.8.0_231\jre\lib\jsse.jar;C:\Program Files\Java\jdk1.8.0_231\jre\lib\jce.jar;C:\Program Files\Java\jdk1.8.0_231\jre\lib\charsets.jar;C:\Program Files\Java\jdk1.8.0_231\jre\lib\jfr.jar;C:\Program Files\Java\jdk1.8.0_231\jre\classes, java.vendor=Oracle Corporation, localRepository=D:\maven-repo, file.separator=\, java.vendor.url.bug=http://bugreport.sun.com/bugreport/, sun.io.unicode.encoding=UnicodeLittle, sun.cpu.endian=little, sun.desktop=windows, sun.cpu.isalist=amd64}}, SystemEnvironmentPropertySource@1380806038 {name='systemEnvironment', properties={PATH=C:\Program Files\Java\jdk1.8.0_231;C:\Windows\system32;C:\Windows;C:\Windows\System32\Wbem;C:\Windows\System32\WindowsPowerShell\v1.0\;C:\apache-maven-3.6.2-bin\apache-maven-3.6.2-bin-j8\apache-maven-3.6.2\bin;C:\Program Files\TortoiseSVN\bin;C:\openshift-origin-client-tools-v3.11.0-0cbc58b-windows;C:\minishift-1.34.1-windows-amd64;C:\openshift-origin-client-tools-linux-64bit;C:\Program Files\nodejs\;C:\Program Files\Git\cmd;D:\jboss-eap-6.1;C:\Ruby26-x64\bin;D:\USUARIOS\Dell\AppData\Local\Microsoft\WindowsApps;C:\apache-maven-3.6.2-bin\apache-maven-3.6.2\bin;D:\USUARIOS\Dell\AppData\Local\Programs\Microsoft VS Code\bin;D:\USUARIOS\Dell\AppData\Roaming\npm;C:\Program Files\Java\jdk1.8.0_231\bin;, USERDOMAIN_ROAMINGPROFILE=DESKTOP-KG013E8, PROCESSOR_LEVEL=6, SYSTEMDRIVE=C:, POSTGIS_GDAL_ENABLED_DRIVERS=GTiff PNG JPEG GIF XYZ DTED USGSDEM AAIGrid, SESSIONNAME=Console, ALLUSERSPROFILE=C:\ProgramData, GDAL_DATA=C:\Program Files\PostgreSQL\12\gdal-data, PROCESSOR_ARCHITECTURE=AMD64, OPENSHIFT=C:\openshift-origin-client-tools-v3.11.0-0cbc58b-windows, MAVEN_HOME=C:\apache-maven-3.6.2-bin\apache-maven-3.6.2-bin-j8\apache-maven-3.6.2\bin\.., PROGRAMFILES=C:\Program Files, POSTGIS_ENABLE_OUTDB_RASTERS=1, PSMODULEPATH=C:\Program Files\WindowsPowerShell\Modules;C:\Windows\system32\WindowsPowerShell\v1.0\Modules, PROGRAMDATA=C:\ProgramData, USERNAME=Dell, WDIR=D:\, FPS_BROWSER_USER_PROFILE_STRING=Default, ONEDRIVE=D:\USUARIOS\Dell\OneDrive, PATHEXT=.COM;.EXE;.BAT;.CMD;.VBS;.VBE;.JS;.JSE;.WSF;.WSH;.MSC;.RB;.RBW, CLASSWORLDS_JAR="C:\apache-maven-3.6.2-bin\apache-maven-3.6.2-bin-j8\apache-maven-3.6.2\bin\..\boot\plexus-classworlds-2.6.0.jar", WINDIR=C:\Windows, HOMEPATH=\USUARIOS\Dell, PROCESSOR_IDENTIFIER=Intel64 Family 6 Model 142 Stepping 9, GenuineIntel, PUBLIC=D:\USUARIOS\Public, =::=::\, =EXITCODE=00000000, OPENSSL_CONF=C:\Program Files\PostgreSQL\psqlODBC\etc\openssl.cnf, LOCALAPPDATA=D:\USUARIOS\Dell\AppData\Local, COMMONPROGRAMFILES(X86)=C:\Program Files (x86)\Common Files, USERDOMAIN=DESKTOP-KG013E8, FPS_BROWSER_APP_PROFILE_STRING=Internet Explorer, LOGONSERVER=\\DESKTOP-KG013E8, JAVA_HOME=C:\Program Files\Java\jdk1.8.0_231, PROMPT=$P$G, PROGRAMFILES(X86)=C:\Program Files (x86), MINISHIFT_=C:\minishift-1.34.1-windows-amd64, ERROR_CODE=0, EXEC_DIR=D:\USUARIOS\Dell\Documents\Personal\Cafe\nephrologist-legacy\module\core\application, APPDATA=D:\USUARIOS\Dell\AppData\Roaming, PROGRAMW6432=C:\Program Files, SYSTEMROOT=C:\Windows, MAVEN_CMD_LINE_ARGS=clean install, VBOX_MSI_INSTALL_PATH=C:\Program Files\Oracle\VirtualBox\, OS=Windows_NT, COMMONPROGRAMW6432=C:\Program Files\Common Files, COMPUTERNAME=DESKTOP-KG013E8, JBOSS_HOME=D:\jboss-eap-6.1, COMMONPROGRAMFILES=C:\Program Files\Common Files, COMSPEC=C:\Windows\system32\cmd.exe, JAVACMD=C:\Program Files\Java\jdk1.8.0_231\bin\java.exe, MAVEN_PROJECTBASEDIR=D:\USUARIOS\Dell\Documents\Personal\Cafe\nephrologist-legacy\module\core\application, PROCESSOR_REVISION=8e09, CLASSWORLDS_LAUNCHER=org.codehaus.plexus.classworlds.launcher.Launcher, =D:=D:\USUARIOS\Dell\Documents\Personal\Cafe\nephrologist-legacy\module\core\application, TEMP=D:\USUARIOS\Dell\AppData\Local\Temp, HOMEDRIVE=D:, USERPROFILE=D:\USUARIOS\Dell, TMP=D:\USUARIOS\Dell\AppData\Local\Temp, NUMBER_OF_PROCESSORS=4, JVMCONFIG=\.mvn\jvm.config}}]
14:11:23.909 [main] DEBUG org.springframework.test.context.support.TestPropertySourceUtils - Adding inlined properties to environment: {spring.jmx.enabled=false, org.springframework.boot.test.context.SpringBootTestContextBootstrapper=true, server.port=-1}
14:11:23.910 [main] DEBUG org.springframework.core.env.StandardEnvironment - Adding PropertySource 'Inlined Test Properties' with highest search precedence

  .   ____          _            __ _ _
 /\\ / ___'_ __ _ _(_)_ __  __ _ \ \ \ \
( ( )\___ | '_ | '_| | '_ \/ _` | \ \ \ \
 \\/  ___)| |_)| | | | | || (_| |  ) ) ) )
  '  |____| .__|_| |_|_| |_\__, | / / / /
 =========|_|==============|___/=/_/_/_/
 :: Spring Boot ::        (v2.0.6.RELEASE)

2020-03-31 14:11:24.337  INFO 7312 --- [           main] c.c.c.a.handler.CityManagerHandlerTest   : Starting CityManagerHandlerTest on DESKTOP-KG013E8 with PID 7312 (started by Dell in D:\USUARIOS\Dell\Documents\Personal\Cafe\nephrologist-legacy\module\core\application)
2020-03-31 14:11:24.339  INFO 7312 --- [           main] c.c.c.a.handler.CityManagerHandlerTest   : No active profile set, falling back to default profiles: default
2020-03-31 14:11:24.383  INFO 7312 --- [           main] s.c.a.AnnotationConfigApplicationContext : Refreshing org.springframework.context.annotation.AnnotationConfigApplicationContext@247310d0: startup date [Tue Mar 31 14:11:24 COT 2020]; root of context hierarchy
2020-03-31 14:11:27.534  INFO 7312 --- [           main] trationDelegate$BeanPostProcessorChecker : Bean 'org.springframework.transaction.annotation.ProxyTransactionManagementConfiguration' of type [org.springframework.transaction.annotation.ProxyTransactionManagementConfiguration$$EnhancerBySpringCGLIB$$156da9bd] is not eligible for getting processed by all BeanPostProcessors (for example: not eligible for auto-proxying)
2020-03-31 14:11:27.678  WARN 7312 --- [           main] s.c.a.AnnotationConfigApplicationContext : Exception encountered during context initialization - cancelling refresh attempt: org.springframework.beans.factory.UnsatisfiedDependencyException: Error creating bean with name 'org.springframework.boot.autoconfigure.orm.jpa.HibernateJpaConfiguration': Unsatisfied dependency expressed through constructor parameter 0; nested exception is org.springframework.beans.factory.BeanCreationException: Error creating bean with name 'dataSource' defined in class path resource [org/springframework/boot/autoconfigure/jdbc/DataSourceConfiguration$Hikari.class]: Bean instantiation via factory method failed; nested exception is org.springframework.beans.BeanInstantiationException: Failed to instantiate [com.zaxxer.hikari.HikariDataSource]: Factory method 'dataSource' threw exception; nested exception is org.springframework.boot.autoconfigure.jdbc.DataSourceProperties$DataSourceBeanCreationException: Failed to determine a suitable driver class
2020-03-31 14:11:27.698  INFO 7312 --- [           main] ConditionEvaluationReportLoggingListener : 

Error starting ApplicationContext. To display the conditions report re-run your application with 'debug' enabled.
2020-03-31 14:11:27.703 ERROR 7312 --- [           main] o.s.b.d.LoggingFailureAnalysisReporter   : 

***************************
APPLICATION FAILED TO START
***************************

Description:

Failed to configure a DataSource: 'url' attribute is not specified and no embedded datasource could be configured.

Reason: Failed to determine a suitable driver class


Action:

Consider the following:
	If you want an embedded database (H2, HSQL or Derby), please put it on the classpath.
	If you have database settings to be loaded from a particular profile you may need to activate it (no profiles are currently active).

2020-03-31 14:11:27.718 ERROR 7312 --- [           main] o.s.test.context.TestContextManager      : Caught exception while allowing TestExecutionListener [org.springframework.boot.test.mock.mockito.MockitoTestExecutionListener@4e50c791] to prepare test instance [com.cafeto.core.application.handler.CityManagerHandlerTest@3bd3d05e]

java.lang.IllegalStateException: Failed to load ApplicationContext
	at org.springframework.test.context.cache.DefaultCacheAwareContextLoaderDelegate.loadContext(DefaultCacheAwareContextLoaderDelegate.java:125) ~[spring-test-5.0.10.RELEASE.jar:5.0.10.RELEASE]
	at org.springframework.test.context.support.DefaultTestContext.getApplicationContext(DefaultTestContext.java:108) ~[spring-test-5.0.10.RELEASE.jar:5.0.10.RELEASE]
	at org.springframework.boot.test.mock.mockito.MockitoTestExecutionListener.postProcessFields(MockitoTestExecutionListener.java:99) ~[spring-boot-test-2.0.6.RELEASE.jar:2.0.6.RELEASE]
	at org.springframework.boot.test.mock.mockito.MockitoTestExecutionListener.injectFields(MockitoTestExecutionListener.java:79) ~[spring-boot-test-2.0.6.RELEASE.jar:2.0.6.RELEASE]
	at org.springframework.boot.test.mock.mockito.MockitoTestExecutionListener.prepareTestInstance(MockitoTestExecutionListener.java:54) ~[spring-boot-test-2.0.6.RELEASE.jar:2.0.6.RELEASE]
	at org.springframework.test.context.TestContextManager.prepareTestInstance(TestContextManager.java:246) ~[spring-test-5.0.10.RELEASE.jar:5.0.10.RELEASE]
	at org.springframework.test.context.junit4.SpringJUnit4ClassRunner.createTest(SpringJUnit4ClassRunner.java:227) [spring-test-5.0.10.RELEASE.jar:5.0.10.RELEASE]
	at org.springframework.test.context.junit4.SpringJUnit4ClassRunner$1.runReflectiveCall(SpringJUnit4ClassRunner.java:289) [spring-test-5.0.10.RELEASE.jar:5.0.10.RELEASE]
	at org.junit.internal.runners.model.ReflectiveCallable.run(ReflectiveCallable.java:12) [junit-4.12.jar:4.12]
	at org.springframework.test.context.junit4.SpringJUnit4ClassRunner.methodBlock(SpringJUnit4ClassRunner.java:291) [spring-test-5.0.10.RELEASE.jar:5.0.10.RELEASE]
	at org.springframework.test.context.junit4.SpringJUnit4ClassRunner.runChild(SpringJUnit4ClassRunner.java:246) [spring-test-5.0.10.RELEASE.jar:5.0.10.RELEASE]
	at org.springframework.test.context.junit4.SpringJUnit4ClassRunner.runChild(SpringJUnit4ClassRunner.java:97) [spring-test-5.0.10.RELEASE.jar:5.0.10.RELEASE]
	at org.junit.runners.ParentRunner$3.run(ParentRunner.java:290) [junit-4.12.jar:4.12]
	at org.junit.runners.ParentRunner$1.schedule(ParentRunner.java:71) [junit-4.12.jar:4.12]
	at org.junit.runners.ParentRunner.runChildren(ParentRunner.java:288) [junit-4.12.jar:4.12]
	at org.junit.runners.ParentRunner.access$000(ParentRunner.java:58) [junit-4.12.jar:4.12]
	at org.junit.runners.ParentRunner$2.evaluate(ParentRunner.java:268) [junit-4.12.jar:4.12]
	at org.springframework.test.context.junit4.statements.RunBeforeTestClassCallbacks.evaluate(RunBeforeTestClassCallbacks.java:61) [spring-test-5.0.10.RELEASE.jar:5.0.10.RELEASE]
	at org.springframework.test.context.junit4.statements.RunAfterTestClassCallbacks.evaluate(RunAfterTestClassCallbacks.java:70) [spring-test-5.0.10.RELEASE.jar:5.0.10.RELEASE]
	at org.junit.runners.ParentRunner.run(ParentRunner.java:363) [junit-4.12.jar:4.12]
	at org.springframework.test.context.junit4.SpringJUnit4ClassRunner.run(SpringJUnit4ClassRunner.java:190) [spring-test-5.0.10.RELEASE.jar:5.0.10.RELEASE]
	at org.apache.maven.surefire.junit4.JUnit4Provider.execute(JUnit4Provider.java:365) [surefire-junit4-2.21.0.jar:2.21.0]
	at org.apache.maven.surefire.junit4.JUnit4Provider.executeWithRerun(JUnit4Provider.java:273) [surefire-junit4-2.21.0.jar:2.21.0]
	at org.apache.maven.surefire.junit4.JUnit4Provider.executeTestSet(JUnit4Provider.java:238) [surefire-junit4-2.21.0.jar:2.21.0]
	at org.apache.maven.surefire.junit4.JUnit4Provider.invoke(JUnit4Provider.java:159) [surefire-junit4-2.21.0.jar:2.21.0]
	at org.apache.maven.surefire.booter.ForkedBooter.invokeProviderInSameClassLoader(ForkedBooter.java:379) [surefire-booter-2.21.0.jar:2.21.0]
	at org.apache.maven.surefire.booter.ForkedBooter.runSuitesInProcess(ForkedBooter.java:340) [surefire-booter-2.21.0.jar:2.21.0]
	at org.apache.maven.surefire.booter.ForkedBooter.execute(ForkedBooter.java:125) [surefire-booter-2.21.0.jar:2.21.0]
	at org.apache.maven.surefire.booter.ForkedBooter.main(ForkedBooter.java:413) [surefire-booter-2.21.0.jar:2.21.0]
Caused by: org.springframework.beans.factory.UnsatisfiedDependencyException: Error creating bean with name 'org.springframework.boot.autoconfigure.orm.jpa.HibernateJpaConfiguration': Unsatisfied dependency expressed through constructor parameter 0; nested exception is org.springframework.beans.factory.BeanCreationException: Error creating bean with name 'dataSource' defined in class path resource [org/springframework/boot/autoconfigure/jdbc/DataSourceConfiguration$Hikari.class]: Bean instantiation via factory method failed; nested exception is org.springframework.beans.BeanInstantiationException: Failed to instantiate [com.zaxxer.hikari.HikariDataSource]: Factory method 'dataSource' threw exception; nested exception is org.springframework.boot.autoconfigure.jdbc.DataSourceProperties$DataSourceBeanCreationException: Failed to determine a suitable driver class
	at org.springframework.beans.factory.support.ConstructorResolver.createArgumentArray(ConstructorResolver.java:733) ~[spring-beans-5.0.10.RELEASE.jar:5.0.10.RELEASE]
	at org.springframework.beans.factory.support.ConstructorResolver.autowireConstructor(ConstructorResolver.java:198) ~[spring-beans-5.0.10.RELEASE.jar:5.0.10.RELEASE]
	at org.springframework.beans.factory.support.AbstractAutowireCapableBeanFactory.autowireConstructor(AbstractAutowireCapableBeanFactory.java:1266) ~[spring-beans-5.0.10.RELEASE.jar:5.0.10.RELEASE]
	at org.springframework.beans.factory.support.AbstractAutowireCapableBeanFactory.createBeanInstance(AbstractAutowireCapableBeanFactory.java:1123) ~[spring-beans-5.0.10.RELEASE.jar:5.0.10.RELEASE]
	at org.springframework.beans.factory.support.AbstractAutowireCapableBeanFactory.doCreateBean(AbstractAutowireCapableBeanFactory.java:535) ~[spring-beans-5.0.10.RELEASE.jar:5.0.10.RELEASE]
	at org.springframework.beans.factory.support.AbstractAutowireCapableBeanFactory.createBean(AbstractAutowireCapableBeanFactory.java:495) ~[spring-beans-5.0.10.RELEASE.jar:5.0.10.RELEASE]
	at org.springframework.beans.factory.support.AbstractBeanFactory.lambda$doGetBean$0(AbstractBeanFactory.java:317) ~[spring-beans-5.0.10.RELEASE.jar:5.0.10.RELEASE]
	at org.springframework.beans.factory.support.DefaultSingletonBeanRegistry.getSingleton(DefaultSingletonBeanRegistry.java:222) ~[spring-beans-5.0.10.RELEASE.jar:5.0.10.RELEASE]
	at org.springframework.beans.factory.support.AbstractBeanFactory.doGetBean(AbstractBeanFactory.java:315) ~[spring-beans-5.0.10.RELEASE.jar:5.0.10.RELEASE]
	at org.springframework.beans.factory.support.AbstractBeanFactory.getBean(AbstractBeanFactory.java:199) ~[spring-beans-5.0.10.RELEASE.jar:5.0.10.RELEASE]
	at org.springframework.beans.factory.support.ConstructorResolver.instantiateUsingFactoryMethod(ConstructorResolver.java:373) ~[spring-beans-5.0.10.RELEASE.jar:5.0.10.RELEASE]
	at org.springframework.beans.factory.support.AbstractAutowireCapableBeanFactory.instantiateUsingFactoryMethod(AbstractAutowireCapableBeanFactory.java:1246) ~[spring-beans-5.0.10.RELEASE.jar:5.0.10.RELEASE]
	at org.springframework.beans.factory.support.AbstractAutowireCapableBeanFactory.createBeanInstance(AbstractAutowireCapableBeanFactory.java:1096) ~[spring-beans-5.0.10.RELEASE.jar:5.0.10.RELEASE]
	at org.springframework.beans.factory.support.AbstractAutowireCapableBeanFactory.doCreateBean(AbstractAutowireCapableBeanFactory.java:535) ~[spring-beans-5.0.10.RELEASE.jar:5.0.10.RELEASE]
	at org.springframework.beans.factory.support.AbstractAutowireCapableBeanFactory.createBean(AbstractAutowireCapableBeanFactory.java:495) ~[spring-beans-5.0.10.RELEASE.jar:5.0.10.RELEASE]
	at org.springframework.beans.factory.support.AbstractBeanFactory.lambda$doGetBean$0(AbstractBeanFactory.java:317) ~[spring-beans-5.0.10.RELEASE.jar:5.0.10.RELEASE]
	at org.springframework.beans.factory.support.DefaultSingletonBeanRegistry.getSingleton(DefaultSingletonBeanRegistry.java:222) ~[spring-beans-5.0.10.RELEASE.jar:5.0.10.RELEASE]
	at org.springframework.beans.factory.support.AbstractBeanFactory.doGetBean(AbstractBeanFactory.java:315) ~[spring-beans-5.0.10.RELEASE.jar:5.0.10.RELEASE]
	at org.springframework.beans.factory.support.AbstractBeanFactory.getBean(AbstractBeanFactory.java:199) ~[spring-beans-5.0.10.RELEASE.jar:5.0.10.RELEASE]
	at org.springframework.context.support.AbstractApplicationContext.getBean(AbstractApplicationContext.java:1087) ~[spring-context-5.0.10.RELEASE.jar:5.0.10.RELEASE]
	at org.springframework.context.support.AbstractApplicationContext.finishBeanFactoryInitialization(AbstractApplicationContext.java:857) ~[spring-context-5.0.10.RELEASE.jar:5.0.10.RELEASE]
	at org.springframework.context.support.AbstractApplicationContext.refresh(AbstractApplicationContext.java:548) ~[spring-context-5.0.10.RELEASE.jar:5.0.10.RELEASE]
	at org.springframework.boot.SpringApplication.refresh(SpringApplication.java:754) ~[spring-boot-2.0.6.RELEASE.jar:2.0.6.RELEASE]
	at org.springframework.boot.SpringApplication.refreshContext(SpringApplication.java:386) ~[spring-boot-2.0.6.RELEASE.jar:2.0.6.RELEASE]
	at org.springframework.boot.SpringApplication.run(SpringApplication.java:307) ~[spring-boot-2.0.6.RELEASE.jar:2.0.6.RELEASE]
	at org.springframework.boot.test.context.SpringBootContextLoader.loadContext(SpringBootContextLoader.java:127) ~[spring-boot-test-2.0.6.RELEASE.jar:2.0.6.RELEASE]
	at org.springframework.test.context.cache.DefaultCacheAwareContextLoaderDelegate.loadContextInternal(DefaultCacheAwareContextLoaderDelegate.java:99) ~[spring-test-5.0.10.RELEASE.jar:5.0.10.RELEASE]
	at org.springframework.test.context.cache.DefaultCacheAwareContextLoaderDelegate.loadContext(DefaultCacheAwareContextLoaderDelegate.java:117) ~[spring-test-5.0.10.RELEASE.jar:5.0.10.RELEASE]
	... 28 common frames omitted
Caused by: org.springframework.beans.factory.BeanCreationException: Error creating bean with name 'dataSource' defined in class path resource [org/springframework/boot/autoconfigure/jdbc/DataSourceConfiguration$Hikari.class]: Bean instantiation via factory method failed; nested exception is org.springframework.beans.BeanInstantiationException: Failed to instantiate [com.zaxxer.hikari.HikariDataSource]: Factory method 'dataSource' threw exception; nested exception is org.springframework.boot.autoconfigure.jdbc.DataSourceProperties$DataSourceBeanCreationException: Failed to determine a suitable driver class
	at org.springframework.beans.factory.support.ConstructorResolver.instantiateUsingFactoryMethod(ConstructorResolver.java:591) ~[spring-beans-5.0.10.RELEASE.jar:5.0.10.RELEASE]
	at org.springframework.beans.factory.support.AbstractAutowireCapableBeanFactory.instantiateUsingFactoryMethod(AbstractAutowireCapableBeanFactory.java:1246) ~[spring-beans-5.0.10.RELEASE.jar:5.0.10.RELEASE]
	at org.springframework.beans.factory.support.AbstractAutowireCapableBeanFactory.createBeanInstance(AbstractAutowireCapableBeanFactory.java:1096) ~[spring-beans-5.0.10.RELEASE.jar:5.0.10.RELEASE]
	at org.springframework.beans.factory.support.AbstractAutowireCapableBeanFactory.doCreateBean(AbstractAutowireCapableBeanFactory.java:535) ~[spring-beans-5.0.10.RELEASE.jar:5.0.10.RELEASE]
	at org.springframework.beans.factory.support.AbstractAutowireCapableBeanFactory.createBean(AbstractAutowireCapableBeanFactory.java:495) ~[spring-beans-5.0.10.RELEASE.jar:5.0.10.RELEASE]
	at org.springframework.beans.factory.support.AbstractBeanFactory.lambda$doGetBean$0(AbstractBeanFactory.java:317) ~[spring-beans-5.0.10.RELEASE.jar:5.0.10.RELEASE]
	at org.springframework.beans.factory.support.DefaultSingletonBeanRegistry.getSingleton(DefaultSingletonBeanRegistry.java:222) ~[spring-beans-5.0.10.RELEASE.jar:5.0.10.RELEASE]
	at org.springframework.beans.factory.support.AbstractBeanFactory.doGetBean(AbstractBeanFactory.java:315) ~[spring-beans-5.0.10.RELEASE.jar:5.0.10.RELEASE]
	at org.springframework.beans.factory.support.AbstractBeanFactory.getBean(AbstractBeanFactory.java:199) ~[spring-beans-5.0.10.RELEASE.jar:5.0.10.RELEASE]
	at org.springframework.beans.factory.config.DependencyDescriptor.resolveCandidate(DependencyDescriptor.java:251) ~[spring-beans-5.0.10.RELEASE.jar:5.0.10.RELEASE]
	at org.springframework.beans.factory.support.DefaultListableBeanFactory.doResolveDependency(DefaultListableBeanFactory.java:1135) ~[spring-beans-5.0.10.RELEASE.jar:5.0.10.RELEASE]
	at org.springframework.beans.factory.support.DefaultListableBeanFactory.resolveDependency(DefaultListableBeanFactory.java:1062) ~[spring-beans-5.0.10.RELEASE.jar:5.0.10.RELEASE]
	at org.springframework.beans.factory.support.ConstructorResolver.resolveAutowiredArgument(ConstructorResolver.java:819) ~[spring-beans-5.0.10.RELEASE.jar:5.0.10.RELEASE]
	at org.springframework.beans.factory.support.ConstructorResolver.createArgumentArray(ConstructorResolver.java:725) ~[spring-beans-5.0.10.RELEASE.jar:5.0.10.RELEASE]
	... 55 common frames omitted
Caused by: org.springframework.beans.BeanInstantiationException: Failed to instantiate [com.zaxxer.hikari.HikariDataSource]: Factory method 'dataSource' threw exception; nested exception is org.springframework.boot.autoconfigure.jdbc.DataSourceProperties$DataSourceBeanCreationException: Failed to determine a suitable driver class
	at org.springframework.beans.factory.support.SimpleInstantiationStrategy.instantiate(SimpleInstantiationStrategy.java:185) ~[spring-beans-5.0.10.RELEASE.jar:5.0.10.RELEASE]
	at org.springframework.beans.factory.support.ConstructorResolver.instantiateUsingFactoryMethod(ConstructorResolver.java:583) ~[spring-beans-5.0.10.RELEASE.jar:5.0.10.RELEASE]
	... 68 common frames omitted
Caused by: org.springframework.boot.autoconfigure.jdbc.DataSourceProperties$DataSourceBeanCreationException: Failed to determine a suitable driver class
	at org.springframework.boot.autoconfigure.jdbc.DataSourceProperties.determineDriverClassName(DataSourceProperties.java:236) ~[spring-boot-autoconfigure-2.0.6.RELEASE.jar:2.0.6.RELEASE]
	at org.springframework.boot.autoconfigure.jdbc.DataSourceProperties.initializeDataSourceBuilder(DataSourceProperties.java:176) ~[spring-boot-autoconfigure-2.0.6.RELEASE.jar:2.0.6.RELEASE]
	at org.springframework.boot.autoconfigure.jdbc.DataSourceConfiguration.createDataSource(DataSourceConfiguration.java:43) ~[spring-boot-autoconfigure-2.0.6.RELEASE.jar:2.0.6.RELEASE]
	at org.springframework.boot.autoconfigure.jdbc.DataSourceConfiguration$Hikari.dataSource(DataSourceConfiguration.java:83) ~[spring-boot-autoconfigure-2.0.6.RELEASE.jar:2.0.6.RELEASE]
	at sun.reflect.NativeMethodAccessorImpl.invoke0(Native Method) ~[na:1.8.0_231]
	at sun.reflect.NativeMethodAccessorImpl.invoke(NativeMethodAccessorImpl.java:62) ~[na:1.8.0_231]
	at sun.reflect.DelegatingMethodAccessorImpl.invoke(DelegatingMethodAccessorImpl.java:43) ~[na:1.8.0_231]
	at java.lang.reflect.Method.invoke(Method.java:498) ~[na:1.8.0_231]
	at org.springframework.beans.factory.support.SimpleInstantiationStrategy.instantiate(SimpleInstantiationStrategy.java:154) ~[spring-beans-5.0.10.RELEASE.jar:5.0.10.RELEASE]
	... 69 common frames omitted

]]></system-out>
  </testcase>
</testsuite>